TN:
SF:/Library/Developer/CommandLineTools/SDKs/MacOSX10.15.sdk/usr/include/_ctype.h
FN:164,_Z9__isctypeim
FN:237,_Z7isdigiti
FNDA:0,_Z9__isctypeim
FNDA:0,_Z7isdigiti
FNF:2
FNH:0
DA:164,0
DA:169,0
DA:170,0
DA:237,0
DA:239,0
LF:5
LH:0
end_of_record
TN:
SF:/Library/Developer/CommandLineTools/SDKs/MacOSX10.15.sdk/usr/include/libkern/i386/_OSByteOrder.h
FN:46,_ZL12_OSSwapInt16t
FNDA:0,_ZL12_OSSwapInt16t
FNF:1
FNH:0
DA:46,0
DA:50,0
LF:2
LH:0
end_of_record
TN:
SF:/Library/Developer/CommandLineTools/SDKs/MacOSX10.15.sdk/usr/include/math.h
FN:222,__inline_signbitd
FNDA:0,__inline_signbitd
FNF:1
FNH:0
DA:222,0
DA:224,0
DA:225,0
LF:3
LH:0
end_of_record
TN:
SF:/Library/Developer/CommandLineTools/usr/include/c++/v1/__functional_base
FN:54,_ZNKSt3__14lessIPKN5boost6system14error_categoryEEclERKS5_S8_
FN:348,_ZNSt3__128__invoke_void_return_wrapperIvE6__callIJRZN10DataOutputC1EP19SafeBufferPoolQueueNS_12basic_stringIcNS_11char_traitsIcEENS_9allocatorIcEEEESB_SB_SB_mE3$_0P9BBP_BlockEEEvDpOT_
FN:348,_ZNSt3__128__invoke_void_return_wrapperIvE6__callIJRZN14FM_DemodulatorC1EP19SafeBufferPoolQueueNS_12basic_stringIcNS_11char_traitsIcEENS_9allocatorIcEEEESB_SB_SB_mE3$_0P9BBP_BlockEEEvDpOT_
FN:348,_ZNSt3__128__invoke_void_return_wrapperIvE6__callIJRZN13RawDataOutputC1EP19SafeBufferPoolQueueNS_12basic_stringIcNS_11char_traitsIcEENS_9allocatorIcEEEESB_SB_SB_mE3$_0P9BBP_BlockEEEvDpOT_
FNDA:0,_ZNSt3__128__invoke_void_return_wrapperIvE6__callIJRZN10DataOutputC1EP19SafeBufferPoolQueueNS_12basic_stringIcNS_11char_traitsIcEENS_9allocatorIcEEEESB_SB_SB_mE3$_0P9BBP_BlockEEEvDpOT_
FNDA:0,_ZNKSt3__14lessIPKN5boost6system14error_categoryEEclERKS5_S8_
FNDA:0,_ZNSt3__128__invoke_void_return_wrapperIvE6__callIJRZN14FM_DemodulatorC1EP19SafeBufferPoolQueueNS_12basic_stringIcNS_11char_traitsIcEENS_9allocatorIcEEEESB_SB_SB_mE3$_0P9BBP_BlockEEEvDpOT_
FNDA:0,_ZNSt3__128__invoke_void_return_wrapperIvE6__callIJRZN13RawDataOutputC1EP19SafeBufferPoolQueueNS_12basic_stringIcNS_11char_traitsIcEENS_9allocatorIcEEEESB_SB_SB_mE3$_0P9BBP_BlockEEEvDpOT_
FNF:4
FNH:0
DA:54,0
DA:55,0
DA:348,0
DA:349,0
DA:350,0
LF:5
LH:0
end_of_record
TN:
SF:/Library/Developer/CommandLineTools/usr/include/c++/v1/__locale
FN:224,_ZNSt3__1L9has_facetINS_7codecvtIcc11__mbstate_tEEEEbRKNS_6localeE
FN:232,_ZNSt3__1L9use_facetINS_7codecvtIcc11__mbstate_tEEEERKT_RKNS_6localeE
FN:232,_ZNSt3__1L9use_facetINS_5ctypeIcEEEERKT_RKNS_6localeE
FN:647,_ZNKSt3__15ctypeIcE5widenEc
FN:882,_ZNKSt3__17codecvtIcc11__mbstate_tE3outERS1_PKcS5_RS5_PcS7_RS7_
FN:890,_ZNKSt3__17codecvtIcc11__mbstate_tE7unshiftERS1_PcS4_RS4_
FN:897,_ZNKSt3__17codecvtIcc11__mbstate_tE2inERS1_PKcS5_RS5_PcS7_RS7_
FN:905,_ZNKSt3__17codecvtIcc11__mbstate_tE8encodingEv
FN:911,_ZNKSt3__17codecvtIcc11__mbstate_tE13always_noconvEv
FN:917,_ZNKSt3__17codecvtIcc11__mbstate_tE6lengthERS1_PKcS5_m
FNDA:0,_ZNKSt3__17codecvtIcc11__mbstate_tE2inERS1_PKcS5_RS5_PcS7_RS7_
FNDA:0,_ZNKSt3__17codecvtIcc11__mbstate_tE3outERS1_PKcS5_RS5_PcS7_RS7_
FNDA:0,_ZNKSt3__17codecvtIcc11__mbstate_tE8encodingEv
FNDA:0,_ZNKSt3__17codecvtIcc11__mbstate_tE6lengthERS1_PKcS5_m
FNDA:0,_ZNSt3__1L9use_facetINS_7codecvtIcc11__mbstate_tEEEERKT_RKNS_6localeE
FNDA:4760,_ZNKSt3__15ctypeIcE5widenEc
FNDA:0,_ZNKSt3__17codecvtIcc11__mbstate_tE13always_noconvEv
FNDA:0,_ZNKSt3__17codecvtIcc11__mbstate_tE7unshiftERS1_PcS4_RS4_
FNDA:4760,_ZNSt3__1L9use_facetINS_5ctypeIcEEEERKT_RKNS_6localeE
FNDA:0,_ZNSt3__1L9has_facetINS_7codecvtIcc11__mbstate_tEEEEbRKNS_6localeE
FNF:10
FNH:2
DA:224,0
DA:226,0
DA:232,4760
DA:234,4760
DA:647,4760
DA:649,4760
DA:882,0
DA:886,0
DA:890,0
DA:893,0
DA:897,0
DA:901,0
DA:905,0
DA:907,0
DA:911,0
DA:913,0
DA:917,0
DA:919,0
LF:18
LH:4
end_of_record
TN:
SF:/Library/Developer/CommandLineTools/usr/include/c++/v1/__mutex_base
FN:51,_ZNSt3__15mutexC2Ev
FN:51,_ZNSt3__15mutexC1Ev
FN:130,_ZNSt3__111unique_lockINS_5mutexEEC2ERS1_
FN:130,_ZNSt3__111unique_lockINS_5mutexEEC1ERS1_
FN:150,_ZNSt3__111unique_lockINS_5mutexEED2Ev
FN:150,_ZNSt3__111unique_lockINS_5mutexEED1Ev
FN:360,_ZNSt3__1L6__ceilINS_6chrono8durationIxNS_5ratioILl1ELl1000000000EEEEExS4_EENS_9enable_ifIXsr13__is_durationIT_EE5valueES7_E4typeENS2_IT0_T1_EE
FN:380,_ZNSt3__118condition_variable10wait_untilINS_6chrono12steady_clockENS2_8durationIxNS_5ratioILl1ELl1000000000EEEEEEENS_9cv_statusERNS_11unique_lockINS_5mutexEEERKNS2_10time_pointIT_T0_EE
FN:404,_ZNSt3__118condition_variable8wait_forIxNS_5ratioILl1ELl1000000000EEEEENS_9cv_statusERNS_11unique_lockINS_5mutexEEERKNS_6chrono8durationIT_T0_EE
FNDA:0,_ZNSt3__1L6__ceilINS_6chrono8durationIxNS_5ratioILl1ELl1000000000EEEEExS4_EENS_9enable_ifIXsr13__is_durationIT_EE5valueES7_E4typeENS2_IT0_T1_EE
FNDA:0,_ZNSt3__111unique_lockINS_5mutexEEC1ERS1_
FNDA:0,_ZNSt3__118condition_variable10wait_untilINS_6chrono12steady_clockENS2_8durationIxNS_5ratioILl1ELl1000000000EEEEEEENS_9cv_statusERNS_11unique_lockINS_5mutexEEERKNS2_10time_pointIT_T0_EE
FNDA:3104,_ZNSt3__15mutexC1Ev
FNDA:0,_ZNSt3__111unique_lockINS_5mutexEED1Ev
FNDA:0,_ZNSt3__111unique_lockINS_5mutexEED2Ev
FNDA:3104,_ZNSt3__15mutexC2Ev
FNDA:0,_ZNSt3__118condition_variable8wait_forIxNS_5ratioILl1ELl1000000000EEEEENS_9cv_statusERNS_11unique_lockINS_5mutexEEERKNS_6chrono8durationIT_T0_EE
FNDA:0,_ZNSt3__111unique_lockINS_5mutexEEC2ERS1_
FNF:9
FNH:2
DA:43,3104
DA:51,6208
DA:130,0
DA:131,0
DA:150,0
DA:151,0
DA:152,0
DA:153,0
DA:154,0
DA:360,0
DA:363,0
DA:364,0
DA:365,0
DA:366,0
DA:380,0
DA:384,0
DA:385,0
DA:404,0
DA:408,0
DA:409,0
DA:412,0
DA:413,0
DA:414,0
DA:415,0
DA:416,0
DA:418,0
DA:419,0
DA:421,0
LF:28
LH:2
end_of_record
TN:
SF:/Library/Developer/CommandLineTools/usr/include/c++/v1/__split_buffer
FN:56,_ZNSt3__114__split_bufferIPP9BBP_BlockNS_9allocatorIS3_EEE7__allocEv
FN:56,_ZNSt3__114__split_bufferIN5boost4asio2ip20basic_resolver_entryINS3_3udpEEERNS_9allocatorIS6_EEE7__allocEv
FN:56,_ZNSt3__114__split_bufferIPP9BBP_BlockRNS_9allocatorIS3_EEE7__allocEv
FN:56,_ZNSt3__114__split_bufferIP15Baseband_StreamRNS_9allocatorIS2_EEE7__allocEv
FN:58,_ZNSt3__114__split_bufferIN5boost4asio2ip20basic_resolver_entryINS3_3udpEEERNS_9allocatorIS6_EEE9__end_capEv
FN:58,_ZNSt3__114__split_bufferIP15Baseband_StreamRNS_9allocatorIS2_EEE9__end_capEv
FN:58,_ZNSt3__114__split_bufferIPP9BBP_BlockRNS_9allocatorIS3_EEE9__end_capEv
FN:58,_ZNSt3__114__split_bufferIPP9BBP_BlockNS_9allocatorIS3_EEE9__end_capEv
FN:59,_ZNKSt3__114__split_bufferIP15Baseband_StreamRNS_9allocatorIS2_EEE9__end_capEv
FN:59,_ZNKSt3__114__split_bufferIPP9BBP_BlockRNS_9allocatorIS3_EEE9__end_capEv
FN:59,_ZNKSt3__114__split_bufferIN5boost4asio2ip20basic_resolver_entryINS3_3udpEEERNS_9allocatorIS6_EEE9__end_capEv
FN:59,_ZNKSt3__114__split_bufferIPP9BBP_BlockNS_9allocatorIS3_EEE9__end_capEv
FN:81,_ZNSt3__114__split_bufferIPP9BBP_BlockNS_9allocatorIS3_EEE5beginEv
FN:83,_ZNSt3__114__split_bufferIPP9BBP_BlockNS_9allocatorIS3_EEE3endEv
FN:87,_ZNSt3__114__split_bufferIPP9BBP_BlockRNS_9allocatorIS3_EEE5clearEv
FN:87,_ZNSt3__114__split_bufferIN5boost4asio2ip20basic_resolver_entryINS3_3udpEEERNS_9allocatorIS6_EEE5clearEv
FN:87,_ZNSt3__114__split_bufferIP15Baseband_StreamRNS_9allocatorIS2_EEE5clearEv
FN:87,_ZNSt3__114__split_bufferIPP9BBP_BlockNS_9allocatorIS3_EEE5clearEv
FN:89,_ZNKSt3__114__split_bufferIPP9BBP_BlockNS_9allocatorIS3_EEE4sizeEv
FN:90,_ZNKSt3__114__split_bufferIPP9BBP_BlockNS_9allocatorIS3_EEE5emptyEv
FN:91,_ZNKSt3__114__split_bufferIPP9BBP_BlockRNS_9allocatorIS3_EEE8capacityEv
FN:91,_ZNKSt3__114__split_bufferIN5boost4asio2ip20basic_resolver_entryINS3_3udpEEERNS_9allocatorIS6_EEE8capacityEv
FN:91,_ZNKSt3__114__split_bufferIPP9BBP_BlockNS_9allocatorIS3_EEE8capacityEv
FN:91,_ZNKSt3__114__split_bufferIP15Baseband_StreamRNS_9allocatorIS2_EEE8capacityEv
FN:93,_ZNKSt3__114__split_bufferIPP9BBP_BlockNS_9allocatorIS3_EEE12__back_spareEv
FN:95,_ZNSt3__114__split_bufferIPP9BBP_BlockNS_9allocatorIS3_EEE5frontEv
FN:111,_ZNSt3__114__split_bufferIPP9BBP_BlockNS_9allocatorIS3_EEE9pop_frontEv
FN:132,_ZNSt3__114__split_bufferIPP9BBP_BlockNS_9allocatorIS3_EEE19__destruct_at_beginEPS3_
FN:140,_ZNSt3__114__split_bufferIPP9BBP_BlockRNS_9allocatorIS3_EEE17__destruct_at_endEPS3_
FN:140,_ZNSt3__114__split_bufferIP15Baseband_StreamRNS_9allocatorIS2_EEE17__destruct_at_endEPS2_
FN:140,_ZNSt3__114__split_bufferIN5boost4asio2ip20basic_resolver_entryINS3_3udpEEERNS_9allocatorIS6_EEE17__destruct_at_endEPS6_
FN:140,_ZNSt3__114__split_bufferIPP9BBP_BlockNS_9allocatorIS3_EEE17__destruct_at_endEPS3_
FN:263,_ZNSt3__114__split_bufferIPP9BBP_BlockRNS_9allocatorIS3_EEE18__construct_at_endINS_13move_iteratorIPS3_EEEENS_9enable_ifIXsr21__is_forward_iteratorIT_EE5valueEvE4typeESD_SD_
FN:285,_ZNSt3__114__split_bufferIPP9BBP_BlockNS_9allocatorIS3_EEE19__destruct_at_beginEPS3_NS_17integral_constantIbLb1EEE
FN:293,_ZNSt3__114__split_bufferIPP9BBP_BlockNS_9allocatorIS3_EEE17__destruct_at_endEPS3_NS_17integral_constantIbLb0EEE
FN:293,_ZNSt3__114__split_bufferIPP9BBP_BlockRNS_9allocatorIS3_EEE17__destruct_at_endEPS3_NS_17integral_constantIbLb0EEE
FN:293,_ZNSt3__114__split_bufferIN5boost4asio2ip20basic_resolver_entryINS3_3udpEEERNS_9allocatorIS6_EEE17__destruct_at_endEPS6_NS_17integral_constantIbLb0EEE
FN:293,_ZNSt3__114__split_bufferIP15Baseband_StreamRNS_9allocatorIS2_EEE17__destruct_at_endEPS2_NS_17integral_constantIbLb0EEE
FN:308,_ZNSt3__114__split_bufferIPP9BBP_BlockRNS_9allocatorIS3_EEEC1EmmS6_
FN:308,_ZNSt3__114__split_bufferIP15Baseband_StreamRNS_9allocatorIS2_EEEC2EmmS5_
FN:308,_ZNSt3__114__split_bufferIN5boost4asio2ip20basic_resolver_entryINS3_3udpEEERNS_9allocatorIS6_EEEC2EmmS9_
FN:308,_ZNSt3__114__split_bufferIPP9BBP_BlockRNS_9allocatorIS3_EEEC2EmmS6_
FN:308,_ZNSt3__114__split_bufferIP15Baseband_StreamRNS_9allocatorIS2_EEEC1EmmS5_
FN:308,_ZNSt3__114__split_bufferIN5boost4asio2ip20basic_resolver_entryINS3_3udpEEERNS_9allocatorIS6_EEEC1EmmS9_
FN:318,_ZNSt3__114__split_bufferIPP9BBP_BlockNS_9allocatorIS3_EEEC1Ev
FN:318,_ZNSt3__114__split_bufferIPP9BBP_BlockNS_9allocatorIS3_EEEC2Ev
FN:339,_ZNSt3__114__split_bufferIP15Baseband_StreamRNS_9allocatorIS2_EEED2Ev
FN:339,_ZNSt3__114__split_bufferIPP9BBP_BlockNS_9allocatorIS3_EEED1Ev
FN:339,_ZNSt3__114__split_bufferIPP9BBP_BlockNS_9allocatorIS3_EEED2Ev
FN:339,_ZNSt3__114__split_bufferIP15Baseband_StreamRNS_9allocatorIS2_EEED1Ev
FN:339,_ZNSt3__114__split_bufferIN5boost4asio2ip20basic_resolver_entryINS3_3udpEEERNS_9allocatorIS6_EEED2Ev
FN:339,_ZNSt3__114__split_bufferIN5boost4asio2ip20basic_resolver_entryINS3_3udpEEERNS_9allocatorIS6_EEED1Ev
FN:339,_ZNSt3__114__split_bufferIPP9BBP_BlockRNS_9allocatorIS3_EEED1Ev
FN:339,_ZNSt3__114__split_bufferIPP9BBP_BlockRNS_9allocatorIS3_EEED2Ev
FN:468,_ZNSt3__114__split_bufferIPP9BBP_BlockRNS_9allocatorIS3_EEE10push_frontERKS3_
FN:499,_ZNSt3__114__split_bufferIPP9BBP_BlockNS_9allocatorIS3_EEE10push_frontEOS3_
FN:532,_ZNSt3__114__split_bufferIPP9BBP_BlockNS_9allocatorIS3_EEE9push_backERKS3_
FN:563,_ZNSt3__114__split_bufferIPP9BBP_BlockRNS_9allocatorIS3_EEE9push_backEOS3_
FN:563,_ZNSt3__114__split_bufferIPP9BBP_BlockNS_9allocatorIS3_EEE9push_backEOS3_
FNDA:0,_ZNSt3__114__split_bufferIPP9BBP_BlockRNS_9allocatorIS3_EEE9push_backEOS3_
FNDA:0,_ZNSt3__114__split_bufferIPP9BBP_BlockNS_9allocatorIS3_EEE5beginEv
FNDA:0,_ZNSt3__114__split_bufferIP15Baseband_StreamRNS_9allocatorIS2_EEE17__destruct_at_endEPS2_
FNDA:0,_ZNSt3__114__split_bufferIP15Baseband_StreamRNS_9allocatorIS2_EEED1Ev
FNDA:0,_ZNSt3__114__split_bufferIPP9BBP_BlockNS_9allocatorIS3_EEED2Ev
FNDA:0,_ZNSt3__114__split_bufferIPP9BBP_BlockNS_9allocatorIS3_EEED1Ev
FNDA:0,_ZNSt3__114__split_bufferIPP9BBP_BlockRNS_9allocatorIS3_EEEC1EmmS6_
FNDA:0,_ZNSt3__114__split_bufferIPP9BBP_BlockNS_9allocatorIS3_EEE19__destruct_at_beginEPS3_
FNDA:0,_ZNSt3__114__split_bufferIPP9BBP_BlockNS_9allocatorIS3_EEE3endEv
FNDA:0,_ZNSt3__114__split_bufferIPP9BBP_BlockRNS_9allocatorIS3_EEE17__destruct_at_endEPS3_
FNDA:0,_ZNSt3__114__split_bufferIN5boost4asio2ip20basic_resolver_entryINS3_3udpEEERNS_9allocatorIS6_EEE9__end_capEv
FNDA:0,_ZNSt3__114__split_bufferIPP9BBP_BlockNS_9allocatorIS3_EEEC1Ev
FNDA:0,_ZNSt3__114__split_bufferIPP9BBP_BlockNS_9allocatorIS3_EEE10push_frontEOS3_
FNDA:0,_ZNSt3__114__split_bufferIP15Baseband_StreamRNS_9allocatorIS2_EEED2Ev
FNDA:0,_ZNSt3__114__split_bufferIPP9BBP_BlockRNS_9allocatorIS3_EEE5clearEv
FNDA:0,_ZNSt3__114__split_bufferIPP9BBP_BlockNS_9allocatorIS3_EEE7__allocEv
FNDA:0,_ZNSt3__114__split_bufferIPP9BBP_BlockNS_9allocatorIS3_EEE5frontEv
FNDA:0,_ZNSt3__114__split_bufferIPP9BBP_BlockRNS_9allocatorIS3_EEEC2EmmS6_
FNDA:0,_ZNSt3__114__split_bufferIN5boost4asio2ip20basic_resolver_entryINS3_3udpEEERNS_9allocatorIS6_EEEC2EmmS9_
FNDA:0,_ZNSt3__114__split_bufferIP15Baseband_StreamRNS_9allocatorIS2_EEEC2EmmS5_
FNDA:0,_ZNSt3__114__split_bufferIPP9BBP_BlockRNS_9allocatorIS3_EEE18__construct_at_endINS_13move_iteratorIPS3_EEEENS_9enable_ifIXsr21__is_forward_iteratorIT_EE5valueEvE4typeESD_SD_
FNDA:0,_ZNSt3__114__split_bufferIPP9BBP_BlockNS_9allocatorIS3_EEE19__destruct_at_beginEPS3_NS_17integral_constantIbLb1EEE
FNDA:0,_ZNSt3__114__split_bufferIN5boost4asio2ip20basic_resolver_entryINS3_3udpEEERNS_9allocatorIS6_EEED2Ev
FNDA:0,_ZNSt3__114__split_bufferIN5boost4asio2ip20basic_resolver_entryINS3_3udpEEERNS_9allocatorIS6_EEE7__allocEv
FNDA:0,_ZNKSt3__114__split_bufferIN5boost4asio2ip20basic_resolver_entryINS3_3udpEEERNS_9allocatorIS6_EEE9__end_capEv
FNDA:0,_ZNKSt3__114__split_bufferIPP9BBP_BlockRNS_9allocatorIS3_EEE9__end_capEv
FNDA:0,_ZNKSt3__114__split_bufferIP15Baseband_StreamRNS_9allocatorIS2_EEE9__end_capEv
FNDA:0,_ZNSt3__114__split_bufferIPP9BBP_BlockNS_9allocatorIS3_EEE9pop_frontEv
FNDA:0,_ZNSt3__114__split_bufferIN5boost4asio2ip20basic_resolver_entryINS3_3udpEEERNS_9allocatorIS6_EEE5clearEv
FNDA:0,_ZNKSt3__114__split_bufferIPP9BBP_BlockNS_9allocatorIS3_EEE5emptyEv
FNDA:0,_ZNSt3__114__split_bufferIN5boost4asio2ip20basic_resolver_entryINS3_3udpEEERNS_9allocatorIS6_EEE17__destruct_at_endEPS6_NS_17integral_constantIbLb0EEE
FNDA:0,_ZNSt3__114__split_bufferIPP9BBP_BlockNS_9allocatorIS3_EEE17__destruct_at_endEPS3_
FNDA:0,_ZNSt3__114__split_bufferIPP9BBP_BlockNS_9allocatorIS3_EEE9push_backEOS3_
FNDA:0,_ZNSt3__114__split_bufferIP15Baseband_StreamRNS_9allocatorIS2_EEE7__allocEv
FNDA:0,_ZNSt3__114__split_bufferIPP9BBP_BlockRNS_9allocatorIS3_EEE7__allocEv
FNDA:0,_ZNKSt3__114__split_bufferIPP9BBP_BlockRNS_9allocatorIS3_EEE8capacityEv
FNDA:0,_ZNSt3__114__split_bufferIP15Baseband_StreamRNS_9allocatorIS2_EEEC1EmmS5_
FNDA:0,_ZNKSt3__114__split_bufferIPP9BBP_BlockNS_9allocatorIS3_EEE9__end_capEv
FNDA:0,_ZNSt3__114__split_bufferIPP9BBP_BlockNS_9allocatorIS3_EEEC2Ev
FNDA:0,_ZNSt3__114__split_bufferIPP9BBP_BlockRNS_9allocatorIS3_EEE17__destruct_at_endEPS3_NS_17integral_constantIbLb0EEE
FNDA:0,_ZNSt3__114__split_bufferIPP9BBP_BlockNS_9allocatorIS3_EEE17__destruct_at_endEPS3_NS_17integral_constantIbLb0EEE
FNDA:0,_ZNSt3__114__split_bufferIN5boost4asio2ip20basic_resolver_entryINS3_3udpEEERNS_9allocatorIS6_EEE17__destruct_at_endEPS6_
FNDA:0,_ZNSt3__114__split_bufferIPP9BBP_BlockNS_9allocatorIS3_EEE9push_backERKS3_
FNDA:0,_ZNSt3__114__split_bufferIP15Baseband_StreamRNS_9allocatorIS2_EEE5clearEv
FNDA:0,_ZNKSt3__114__split_bufferIPP9BBP_BlockNS_9allocatorIS3_EEE4sizeEv
FNDA:0,_ZNSt3__114__split_bufferIPP9BBP_BlockNS_9allocatorIS3_EEE5clearEv
FNDA:0,_ZNSt3__114__split_bufferIPP9BBP_BlockNS_9allocatorIS3_EEE9__end_capEv
FNDA:0,_ZNKSt3__114__split_bufferIP15Baseband_StreamRNS_9allocatorIS2_EEE8capacityEv
FNDA:0,_ZNSt3__114__split_bufferIPP9BBP_BlockRNS_9allocatorIS3_EEED2Ev
FNDA:0,_ZNKSt3__114__split_bufferIPP9BBP_BlockNS_9allocatorIS3_EEE8capacityEv
FNDA:0,_ZNSt3__114__split_bufferIP15Baseband_StreamRNS_9allocatorIS2_EEE17__destruct_at_endEPS2_NS_17integral_constantIbLb0EEE
FNDA:0,_ZNKSt3__114__split_bufferIPP9BBP_BlockNS_9allocatorIS3_EEE12__back_spareEv
FNDA:0,_ZNSt3__114__split_bufferIPP9BBP_BlockRNS_9allocatorIS3_EEED1Ev
FNDA:0,_ZNSt3__114__split_bufferIN5boost4asio2ip20basic_resolver_entryINS3_3udpEEERNS_9allocatorIS6_EEEC1EmmS9_
FNDA:0,_ZNKSt3__114__split_bufferIN5boost4asio2ip20basic_resolver_entryINS3_3udpEEERNS_9allocatorIS6_EEE8capacityEv
FNDA:0,_ZNSt3__114__split_bufferIPP9BBP_BlockRNS_9allocatorIS3_EEE9__end_capEv
FNDA:0,_ZNSt3__114__split_bufferIN5boost4asio2ip20basic_resolver_entryINS3_3udpEEERNS_9allocatorIS6_EEED1Ev
FNDA:0,_ZNSt3__114__split_bufferIPP9BBP_BlockRNS_9allocatorIS3_EEE10push_frontERKS3_
FNDA:0,_ZNSt3__114__split_bufferIP15Baseband_StreamRNS_9allocatorIS2_EEE9__end_capEv
FNF:59
FNH:0
DA:56,0
DA:58,0
DA:59,0
DA:81,0
DA:83,0
DA:87,0
DA:88,0
DA:89,0
DA:90,0
DA:91,0
DA:93,0
DA:95,0
DA:111,0
DA:132,0
DA:133,0
DA:140,0
DA:141,0
DA:263,0
DA:265,0
DA:266,0
DA:268,0
DA:269,0
DA:270,0
DA:271,0
DA:285,0
DA:287,0
DA:288,0
DA:293,0
DA:295,0
DA:296,0
DA:297,0
DA:308,0
DA:309,0
DA:310,0
DA:311,0
DA:312,0
DA:313,0
DA:314,0
DA:318,0
DA:320,0
DA:321,0
DA:322,0
DA:339,0
DA:340,0
DA:341,0
DA:342,0
DA:343,0
DA:344,0
DA:468,0
DA:470,0
DA:472,0
DA:474,0
DA:475,0
DA:476,0
DA:477,0
DA:478,0
DA:481,0
DA:482,0
DA:483,0
DA:484,0
DA:485,0
DA:486,0
DA:487,0
DA:488,0
DA:489,0
DA:490,0
DA:491,0
DA:492,0
DA:493,0
DA:499,0
DA:501,0
DA:503,0
DA:505,0
DA:506,0
DA:507,0
DA:508,0
DA:509,0
DA:512,0
DA:513,0
DA:514,0
DA:515,0
DA:516,0
DA:517,0
DA:518,0
DA:519,0
DA:520,0
DA:521,0
DA:522,0
DA:523,0
DA:524,0
DA:525,0
DA:532,0
DA:534,0
DA:536,0
DA:538,0
DA:539,0
DA:540,0
DA:541,0
DA:542,0
DA:545,0
DA:546,0
DA:547,0
DA:548,0
DA:549,0
DA:550,0
DA:551,0
DA:552,0
DA:553,0
DA:554,0
DA:555,0
DA:556,0
DA:557,0
DA:563,0
DA:565,0
DA:567,0
DA:569,0
DA:570,0
DA:571,0
DA:572,0
DA:573,0
DA:576,0
DA:577,0
DA:578,0
DA:579,0
DA:580,0
DA:581,0
DA:582,0
DA:583,0
DA:584,0
DA:585,0
DA:586,0
DA:587,0
DA:588,0
DA:589,0
LF:134
LH:0
end_of_record
TN:
SF:/Library/Developer/CommandLineTools/usr/include/c++/v1/__string
FN:209,_ZNSt3__111char_traitsIcE6assignERcRKc
FN:210,_ZNSt3__111char_traitsIcE2eqEcc
FN:218,_ZNSt3__111char_traitsIcE6lengthEPKc
FN:231,_ZNSt3__111char_traitsIcE7not_eofEi
FN:233,_ZNSt3__111char_traitsIcE12to_char_typeEi
FN:235,_ZNSt3__111char_traitsIcE11to_int_typeEc
FN:237,_ZNSt3__111char_traitsIcE11eq_int_typeEii
FN:239,_ZNSt3__111char_traitsIcE3eofEv
FNDA:84352,_ZNSt3__111char_traitsIcE11eq_int_typeEii
FNDA:80480,_ZNSt3__111char_traitsIcE6lengthEPKc
FNDA:0,_ZNSt3__111char_traitsIcE2eqEcc
FNDA:0,_ZNSt3__111char_traitsIcE7not_eofEi
FNDA:88256,_ZNSt3__111char_traitsIcE3eofEv
FNDA:5280,_ZNSt3__111char_traitsIcE11to_int_typeEc
FNDA:67136,_ZNSt3__111char_traitsIcE6assignERcRKc
FNDA:0,_ZNSt3__111char_traitsIcE12to_char_typeEi
FNF:8
FNH:5
DA:209,67136
DA:210,0
DA:211,0
DA:218,80480
DA:231,0
DA:232,0
DA:233,0
DA:234,0
DA:235,5280
DA:236,5280
DA:237,84352
DA:238,84352
DA:239,88256
DA:240,88256
LF:14
LH:8
end_of_record
TN:
SF:/Library/Developer/CommandLineTools/usr/include/c++/v1/__threading_support
FN:325,_ZNSt3__1L22__libcpp_thread_createEPP17_opaque_pthread_tPFPvS3_ES3_
FN:389,_ZNSt3__1L16__libcpp_tls_setEmPv
FNDA:0,_ZNSt3__1L16__libcpp_tls_setEmPv
FNDA:0,_ZNSt3__1L22__libcpp_thread_createEPP17_opaque_pthread_tPFPvS3_ES3_
FNF:2
FNH:0
DA:325,0
DA:328,0
DA:389,0
DA:391,0
LF:4
LH:0
end_of_record
TN:
SF:/Library/Developer/CommandLineTools/usr/include/c++/v1/__tree
FN:73,_ZNSt3__1L20__tree_is_left_childIPNS_16__tree_node_baseIPvEEEEbT_
FN:227,_ZNSt3__118__tree_left_rotateIPNS_16__tree_node_baseIPvEEEEvT_
FN:247,_ZNSt3__119__tree_right_rotateIPNS_16__tree_node_baseIPvEEEEvT_
FN:272,_ZNSt3__127__tree_balance_after_insertIPNS_16__tree_node_baseIPvEEEEvT_S5_
FN:590,_ZNSt3__122__tree_key_value_typesINS_12__value_typeIPKN5boost6system14error_categoryENS_10unique_ptrINS3_6detail12std_categoryENS_14default_deleteIS9_EEEEEEE9__get_keyINS_4pairIKS6_SC_EEEENS_9enable_ifIXsr17__is_same_uncvrefIT_SI_EE5valueERSH_E4typeERSK_
FN:609,_ZNSt3__122__tree_key_value_typesINS_12__value_typeIPKN5boost6system14error_categoryENS_10unique_ptrINS3_6detail12std_categoryENS_14default_deleteIS9_EEEEEEE9__get_ptrERSD_
FN:713,_ZNSt3__115__tree_end_nodeIPNS_16__tree_node_baseIPvEEEC1Ev
FN:713,_ZNSt3__115__tree_end_nodeIPNS_16__tree_node_baseIPvEEEC2Ev
FN:731,_ZNKSt3__116__tree_node_baseIPvE15__parent_unsafeEv
FN:734,_ZNSt3__116__tree_node_baseIPvE12__set_parentEPS2_
FN:778,_ZNSt3__122__tree_node_destructorINS_9allocatorINS_11__tree_nodeINS_12__value_typeIPKN5boost6system14error_categoryENS_10unique_ptrINS5_6detail12std_categoryENS_14default_deleteISB_EEEEEEPvEEEEEC1ERSI_b
FN:778,_ZNSt3__122__tree_node_destructorINS_9allocatorINS_11__tree_nodeINS_12__value_typeIPKN5boost6system14error_categoryENS_10unique_ptrINS5_6detail12std_categoryENS_14default_deleteISB_EEEEEEPvEEEEEC2ERSI_b
FN:784,_ZNSt3__122__tree_node_destructorINS_9allocatorINS_11__tree_nodeINS_12__value_typeIPKN5boost6system14error_categoryENS_10unique_ptrINS5_6detail12std_categoryENS_14default_deleteISB_EEEEEEPvEEEEEclEPSH_
FN:831,_ZNKSt3__115__tree_iteratorINS_12__value_typeIPKN5boost6system14error_categoryENS_10unique_ptrINS3_6detail12std_categoryENS_14default_deleteIS9_EEEEEEPNS_11__tree_nodeISD_PvEElEdeEv
FN:833,_ZNKSt3__115__tree_iteratorINS_12__value_typeIPKN5boost6system14error_categoryENS_10unique_ptrINS3_6detail12std_categoryENS_14default_deleteIS9_EEEEEEPNS_11__tree_nodeISD_PvEElEptEv
FN:857,_ZNSt3__1eqERKNS_15__tree_iteratorINS_12__value_typeIPKN5boost6system14error_categoryENS_10unique_ptrINS3_6detail12std_categoryENS_14default_deleteIS9_EEEEEEPNS_11__tree_nodeISD_PvEElEESK_
FN:860,_ZNSt3__1neERKNS_15__tree_iteratorINS_12__value_typeIPKN5boost6system14error_categoryENS_10unique_ptrINS3_6detail12std_categoryENS_14default_deleteIS9_EEEEEEPNS_11__tree_nodeISD_PvEElEESK_
FN:865,_ZNSt3__115__tree_iteratorINS_12__value_typeIPKN5boost6system14error_categoryENS_10unique_ptrINS3_6detail12std_categoryENS_14default_deleteIS9_EEEEEEPNS_11__tree_nodeISD_PvEElEC2ESH_
FN:865,_ZNSt3__115__tree_iteratorINS_12__value_typeIPKN5boost6system14error_categoryENS_10unique_ptrINS3_6detail12std_categoryENS_14default_deleteIS9_EEEEEEPNS_11__tree_nodeISD_PvEElEC1ESH_
FN:867,_ZNSt3__115__tree_iteratorINS_12__value_typeIPKN5boost6system14error_categoryENS_10unique_ptrINS3_6detail12std_categoryENS_14default_deleteIS9_EEEEEEPNS_11__tree_nodeISD_PvEElEC2EPNS_15__tree_end_nodeIPNS_16__tree_node_baseISF_EEEE
FN:867,_ZNSt3__115__tree_iteratorINS_12__value_typeIPKN5boost6system14error_categoryENS_10unique_ptrINS3_6detail12std_categoryENS_14default_deleteIS9_EEEEEEPNS_11__tree_nodeISD_PvEElEC1EPNS_15__tree_end_nodeIPNS_16__tree_node_baseISF_EEEE
FN:869,_ZNKSt3__115__tree_iteratorINS_12__value_typeIPKN5boost6system14error_categoryENS_10unique_ptrINS3_6detail12std_categoryENS_14default_deleteIS9_EEEEEEPNS_11__tree_nodeISD_PvEElE8__get_npEv
FN:1032,_ZNSt3__16__treeINS_12__value_typeIPKN5boost6system14error_categoryENS_10unique_ptrINS3_6detail12std_categoryENS_14default_deleteIS9_EEEEEENS_19__map_value_compareIS6_SD_NS_4lessIS6_EELb1EEENS_9allocatorISD_EEE10__end_nodeEv
FN:1039,_ZNKSt3__16__treeINS_12__value_typeIPKN5boost6system14error_categoryENS_10unique_ptrINS3_6detail12std_categoryENS_14default_deleteIS9_EEEEEENS_19__map_value_compareIS6_SD_NS_4lessIS6_EELb1EEENS_9allocatorISD_EEE10__end_nodeEv
FN:1048,_ZNSt3__16__treeINS_12__value_typeIPKN5boost6system14error_categoryENS_10unique_ptrINS3_6detail12std_categoryENS_14default_deleteIS9_EEEEEENS_19__map_value_compareIS6_SD_NS_4lessIS6_EELb1EEENS_9allocatorISD_EEE12__node_allocEv
FN:1054,_ZNSt3__16__treeINS_12__value_typeIPKN5boost6system14error_categoryENS_10unique_ptrINS3_6detail12std_categoryENS_14default_deleteIS9_EEEEEENS_19__map_value_compareIS6_SD_NS_4lessIS6_EELb1EEENS_9allocatorISD_EEE12__begin_nodeEv
FN:1063,_ZNSt3__16__treeINS_12__value_typeIPKN5boost6system14error_categoryENS_10unique_ptrINS3_6detail12std_categoryENS_14default_deleteIS9_EEEEEENS_19__map_value_compareIS6_SD_NS_4lessIS6_EELb1EEENS_9allocatorISD_EEE4sizeEv
FN:1068,_ZNSt3__16__treeINS_12__value_typeIPKN5boost6system14error_categoryENS_10unique_ptrINS3_6detail12std_categoryENS_14default_deleteIS9_EEEEEENS_19__map_value_compareIS6_SD_NS_4lessIS6_EELb1EEENS_9allocatorISD_EEE10value_compEv
FN:1075,_ZNKSt3__16__treeINS_12__value_typeIPKN5boost6system14error_categoryENS_10unique_ptrINS3_6detail12std_categoryENS_14default_deleteIS9_EEEEEENS_19__map_value_compareIS6_SD_NS_4lessIS6_EELb1EEENS_9allocatorISD_EEE6__rootEv
FN:1078,_ZNKSt3__16__treeINS_12__value_typeIPKN5boost6system14error_categoryENS_10unique_ptrINS3_6detail12std_categoryENS_14default_deleteIS9_EEEEEENS_19__map_value_compareIS6_SD_NS_4lessIS6_EELb1EEENS_9allocatorISD_EEE10__root_ptrEv
FN:1117,_ZNSt3__16__treeINS_12__value_typeIPKN5boost6system14error_categoryENS_10unique_ptrINS3_6detail12std_categoryENS_14default_deleteIS9_EEEEEENS_19__map_value_compareIS6_SD_NS_4lessIS6_EELb1EEENS_9allocatorISD_EEE3endEv
FN:1275,_ZNSt3__16__treeINS_12__value_typeIPKN5boost6system14error_categoryENS_10unique_ptrINS3_6detail12std_categoryENS_14default_deleteIS9_EEEEEENS_19__map_value_compareIS6_SD_NS_4lessIS6_EELb1EEENS_9allocatorISD_EEE15__insert_uniqueEONS_4pairIKS6_SC_EE
FN:1520,_ZNSt3__16__treeINS_12__value_typeIPKN5boost6system14error_categoryENS_10unique_ptrINS3_6detail12std_categoryENS_14default_deleteIS9_EEEEEENS_19__map_value_compareIS6_SD_NS_4lessIS6_EELb1EEENS_9allocatorISD_EEEC2ERKSH_
FN:1520,_ZNSt3__16__treeINS_12__value_typeIPKN5boost6system14error_categoryENS_10unique_ptrINS3_6detail12std_categoryENS_14default_deleteIS9_EEEEEENS_19__map_value_compareIS6_SD_NS_4lessIS6_EELb1EEENS_9allocatorISD_EEEC1ERKSH_
FN:1838,_ZNSt3__16__treeINS_12__value_typeIPKN5boost6system14error_categoryENS_10unique_ptrINS3_6detail12std_categoryENS_14default_deleteIS9_EEEEEENS_19__map_value_compareIS6_SD_NS_4lessIS6_EELb1EEENS_9allocatorISD_EEED1Ev
FN:1838,_ZNSt3__16__treeINS_12__value_typeIPKN5boost6system14error_categoryENS_10unique_ptrINS3_6detail12std_categoryENS_14default_deleteIS9_EEEEEENS_19__map_value_compareIS6_SD_NS_4lessIS6_EELb1EEENS_9allocatorISD_EEED2Ev
FN:1847,_ZNSt3__16__treeINS_12__value_typeIPKN5boost6system14error_categoryENS_10unique_ptrINS3_6detail12std_categoryENS_14default_deleteIS9_EEEEEENS_19__map_value_compareIS6_SD_NS_4lessIS6_EELb1EEENS_9allocatorISD_EEE7destroyEPNS_11__tree_nodeISD_PvEE
FN:2019,_ZNSt3__16__treeINS_12__value_typeIPKN5boost6system14error_categoryENS_10unique_ptrINS3_6detail12std_categoryENS_14default_deleteIS9_EEEEEENS_19__map_value_compareIS6_SD_NS_4lessIS6_EELb1EEENS_9allocatorISD_EEE12__find_equalIS6_EERPNS_16__tree_node_baseIPvEERPNS_15__tree_end_nodeISP_EERKT_
FN:2123,_ZNSt3__16__treeINS_12__value_typeIPKN5boost6system14error_categoryENS_10unique_ptrINS3_6detail12std_categoryENS_14default_deleteIS9_EEEEEENS_19__map_value_compareIS6_SD_NS_4lessIS6_EELb1EEENS_9allocatorISD_EEE16__insert_node_atEPNS_15__tree_end_nodeIPNS_16__tree_node_baseIPvEEEERSP_SP_
FN:2142,_ZNSt3__16__treeINS_12__value_typeIPKN5boost6system14error_categoryENS_10unique_ptrINS3_6detail12std_categoryENS_14default_deleteIS9_EEEEEENS_19__map_value_compareIS6_SD_NS_4lessIS6_EELb1EEENS_9allocatorISD_EEE25__emplace_unique_key_argsIS6_JNS_4pairIKS6_SC_EEEEENSM_INS_15__tree_iteratorISD_PNS_11__tree_nodeISD_PvEElEEbEERKT_DpOT0_
FN:2206,_ZNSt3__16__treeINS_12__value_typeIPKN5boost6system14error_categoryENS_10unique_ptrINS3_6detail12std_categoryENS_14default_deleteIS9_EEEEEENS_19__map_value_compareIS6_SD_NS_4lessIS6_EELb1EEENS_9allocatorISD_EEE16__construct_nodeIJNS_4pairIKS6_SC_EEEEENS7_INS_11__tree_nodeISD_PvEENS_22__tree_node_destructorINSI_ISR_EEEEEEDpOT_
FN:2597,_ZNSt3__16__treeINS_12__value_typeIPKN5boost6system14error_categoryENS_10unique_ptrINS3_6detail12std_categoryENS_14default_deleteIS9_EEEEEENS_19__map_value_compareIS6_SD_NS_4lessIS6_EELb1EEENS_9allocatorISD_EEE4findIS6_EENS_15__tree_iteratorISD_PNS_11__tree_nodeISD_PvEElEERKT_
FN:2664,_ZNSt3__16__treeINS_12__value_typeIPKN5boost6system14error_categoryENS_10unique_ptrINS3_6detail12std_categoryENS_14default_deleteIS9_EEEEEENS_19__map_value_compareIS6_SD_NS_4lessIS6_EELb1EEENS_9allocatorISD_EEE13__lower_boundIS6_EENS_15__tree_iteratorISD_PNS_11__tree_nodeISD_PvEElEERKT_SQ_PNS_15__tree_end_nodeIPNS_16__tree_node_baseISO_EEEE
FNDA:0,_ZNSt3__115__tree_end_nodeIPNS_16__tree_node_baseIPvEEEC1Ev
FNDA:0,_ZNSt3__115__tree_end_nodeIPNS_16__tree_node_baseIPvEEEC2Ev
FNDA:0,_ZNSt3__118__tree_left_rotateIPNS_16__tree_node_baseIPvEEEEvT_
FNDA:0,_ZNSt3__127__tree_balance_after_insertIPNS_16__tree_node_baseIPvEEEEvT_S5_
FNDA:0,_ZNSt3__122__tree_node_destructorINS_9allocatorINS_11__tree_nodeINS_12__value_typeIPKN5boost6system14error_categoryENS_10unique_ptrINS5_6detail12std_categoryENS_14default_deleteISB_EEEEEEPvEEEEEclEPSH_
FNDA:0,_ZNSt3__16__treeINS_12__value_typeIPKN5boost6system14error_categoryENS_10unique_ptrINS3_6detail12std_categoryENS_14default_deleteIS9_EEEEEENS_19__map_value_compareIS6_SD_NS_4lessIS6_EELb1EEENS_9allocatorISD_EEE4sizeEv
FNDA:0,_ZNSt3__16__treeINS_12__value_typeIPKN5boost6system14error_categoryENS_10unique_ptrINS3_6detail12std_categoryENS_14default_deleteIS9_EEEEEENS_19__map_value_compareIS6_SD_NS_4lessIS6_EELb1EEENS_9allocatorISD_EEE13__lower_boundIS6_EENS_15__tree_iteratorISD_PNS_11__tree_nodeISD_PvEElEERKT_SQ_PNS_15__tree_end_nodeIPNS_16__tree_node_baseISO_EEEE
FNDA:0,_ZNSt3__16__treeINS_12__value_typeIPKN5boost6system14error_categoryENS_10unique_ptrINS3_6detail12std_categoryENS_14default_deleteIS9_EEEEEENS_19__map_value_compareIS6_SD_NS_4lessIS6_EELb1EEENS_9allocatorISD_EEED2Ev
FNDA:0,_ZNSt3__122__tree_key_value_typesINS_12__value_typeIPKN5boost6system14error_categoryENS_10unique_ptrINS3_6detail12std_categoryENS_14default_deleteIS9_EEEEEEE9__get_ptrERSD_
FNDA:0,_ZNKSt3__115__tree_iteratorINS_12__value_typeIPKN5boost6system14error_categoryENS_10unique_ptrINS3_6detail12std_categoryENS_14default_deleteIS9_EEEEEEPNS_11__tree_nodeISD_PvEElE8__get_npEv
FNDA:0,_ZNKSt3__16__treeINS_12__value_typeIPKN5boost6system14error_categoryENS_10unique_ptrINS3_6detail12std_categoryENS_14default_deleteIS9_EEEEEENS_19__map_value_compareIS6_SD_NS_4lessIS6_EELb1EEENS_9allocatorISD_EEE10__root_ptrEv
FNDA:0,_ZNSt3__115__tree_iteratorINS_12__value_typeIPKN5boost6system14error_categoryENS_10unique_ptrINS3_6detail12std_categoryENS_14default_deleteIS9_EEEEEEPNS_11__tree_nodeISD_PvEElEC1ESH_
FNDA:0,_ZNSt3__16__treeINS_12__value_typeIPKN5boost6system14error_categoryENS_10unique_ptrINS3_6detail12std_categoryENS_14default_deleteIS9_EEEEEENS_19__map_value_compareIS6_SD_NS_4lessIS6_EELb1EEENS_9allocatorISD_EEEC1ERKSH_
FNDA:0,_ZNSt3__16__treeINS_12__value_typeIPKN5boost6system14error_categoryENS_10unique_ptrINS3_6detail12std_categoryENS_14default_deleteIS9_EEEEEENS_19__map_value_compareIS6_SD_NS_4lessIS6_EELb1EEENS_9allocatorISD_EEE16__construct_nodeIJNS_4pairIKS6_SC_EEEEENS7_INS_11__tree_nodeISD_PvEENS_22__tree_node_destructorINSI_ISR_EEEEEEDpOT_
FNDA:0,_ZNSt3__1neERKNS_15__tree_iteratorINS_12__value_typeIPKN5boost6system14error_categoryENS_10unique_ptrINS3_6detail12std_categoryENS_14default_deleteIS9_EEEEEEPNS_11__tree_nodeISD_PvEElEESK_
FNDA:0,_ZNSt3__119__tree_right_rotateIPNS_16__tree_node_baseIPvEEEEvT_
FNDA:0,_ZNKSt3__116__tree_node_baseIPvE15__parent_unsafeEv
FNDA:0,_ZNSt3__115__tree_iteratorINS_12__value_typeIPKN5boost6system14error_categoryENS_10unique_ptrINS3_6detail12std_categoryENS_14default_deleteIS9_EEEEEEPNS_11__tree_nodeISD_PvEElEC1EPNS_15__tree_end_nodeIPNS_16__tree_node_baseISF_EEEE
FNDA:0,_ZNSt3__16__treeINS_12__value_typeIPKN5boost6system14error_categoryENS_10unique_ptrINS3_6detail12std_categoryENS_14default_deleteIS9_EEEEEENS_19__map_value_compareIS6_SD_NS_4lessIS6_EELb1EEENS_9allocatorISD_EEE7destroyEPNS_11__tree_nodeISD_PvEE
FNDA:0,_ZNSt3__1L20__tree_is_left_childIPNS_16__tree_node_baseIPvEEEEbT_
FNDA:0,_ZNSt3__16__treeINS_12__value_typeIPKN5boost6system14error_categoryENS_10unique_ptrINS3_6detail12std_categoryENS_14default_deleteIS9_EEEEEENS_19__map_value_compareIS6_SD_NS_4lessIS6_EELb1EEENS_9allocatorISD_EEE12__find_equalIS6_EERPNS_16__tree_node_baseIPvEERPNS_15__tree_end_nodeISP_EERKT_
FNDA:0,_ZNSt3__115__tree_iteratorINS_12__value_typeIPKN5boost6system14error_categoryENS_10unique_ptrINS3_6detail12std_categoryENS_14default_deleteIS9_EEEEEEPNS_11__tree_nodeISD_PvEElEC2ESH_
FNDA:0,_ZNSt3__16__treeINS_12__value_typeIPKN5boost6system14error_categoryENS_10unique_ptrINS3_6detail12std_categoryENS_14default_deleteIS9_EEEEEENS_19__map_value_compareIS6_SD_NS_4lessIS6_EELb1EEENS_9allocatorISD_EEED1Ev
FNDA:0,_ZNSt3__122__tree_node_destructorINS_9allocatorINS_11__tree_nodeINS_12__value_typeIPKN5boost6system14error_categoryENS_10unique_ptrINS5_6detail12std_categoryENS_14default_deleteISB_EEEEEEPvEEEEEC2ERSI_b
FNDA:0,_ZNSt3__16__treeINS_12__value_typeIPKN5boost6system14error_categoryENS_10unique_ptrINS3_6detail12std_categoryENS_14default_deleteIS9_EEEEEENS_19__map_value_compareIS6_SD_NS_4lessIS6_EELb1EEENS_9allocatorISD_EEE12__begin_nodeEv
FNDA:0,_ZNSt3__16__treeINS_12__value_typeIPKN5boost6system14error_categoryENS_10unique_ptrINS3_6detail12std_categoryENS_14default_deleteIS9_EEEEEENS_19__map_value_compareIS6_SD_NS_4lessIS6_EELb1EEENS_9allocatorISD_EEE4findIS6_EENS_15__tree_iteratorISD_PNS_11__tree_nodeISD_PvEElEERKT_
FNDA:0,_ZNSt3__16__treeINS_12__value_typeIPKN5boost6system14error_categoryENS_10unique_ptrINS3_6detail12std_categoryENS_14default_deleteIS9_EEEEEENS_19__map_value_compareIS6_SD_NS_4lessIS6_EELb1EEENS_9allocatorISD_EEE12__node_allocEv
FNDA:0,_ZNSt3__16__treeINS_12__value_typeIPKN5boost6system14error_categoryENS_10unique_ptrINS3_6detail12std_categoryENS_14default_deleteIS9_EEEEEENS_19__map_value_compareIS6_SD_NS_4lessIS6_EELb1EEENS_9allocatorISD_EEE10__end_nodeEv
FNDA:0,_ZNSt3__122__tree_key_value_typesINS_12__value_typeIPKN5boost6system14error_categoryENS_10unique_ptrINS3_6detail12std_categoryENS_14default_deleteIS9_EEEEEEE9__get_keyINS_4pairIKS6_SC_EEEENS_9enable_ifIXsr17__is_same_uncvrefIT_SI_EE5valueERSH_E4typeERSK_
FNDA:0,_ZNSt3__1eqERKNS_15__tree_iteratorINS_12__value_typeIPKN5boost6system14error_categoryENS_10unique_ptrINS3_6detail12std_categoryENS_14default_deleteIS9_EEEEEEPNS_11__tree_nodeISD_PvEElEESK_
FNDA:0,_ZNSt3__115__tree_iteratorINS_12__value_typeIPKN5boost6system14error_categoryENS_10unique_ptrINS3_6detail12std_categoryENS_14default_deleteIS9_EEEEEEPNS_11__tree_nodeISD_PvEElEC2EPNS_15__tree_end_nodeIPNS_16__tree_node_baseISF_EEEE
FNDA:0,_ZNSt3__16__treeINS_12__value_typeIPKN5boost6system14error_categoryENS_10unique_ptrINS3_6detail12std_categoryENS_14default_deleteIS9_EEEEEENS_19__map_value_compareIS6_SD_NS_4lessIS6_EELb1EEENS_9allocatorISD_EEE3endEv
FNDA:0,_ZNSt3__16__treeINS_12__value_typeIPKN5boost6system14error_categoryENS_10unique_ptrINS3_6detail12std_categoryENS_14default_deleteIS9_EEEEEENS_19__map_value_compareIS6_SD_NS_4lessIS6_EELb1EEENS_9allocatorISD_EEE16__insert_node_atEPNS_15__tree_end_nodeIPNS_16__tree_node_baseIPvEEEERSP_SP_
FNDA:0,_ZNSt3__122__tree_node_destructorINS_9allocatorINS_11__tree_nodeINS_12__value_typeIPKN5boost6system14error_categoryENS_10unique_ptrINS5_6detail12std_categoryENS_14default_deleteISB_EEEEEEPvEEEEEC1ERSI_b
FNDA:0,_ZNKSt3__16__treeINS_12__value_typeIPKN5boost6system14error_categoryENS_10unique_ptrINS3_6detail12std_categoryENS_14default_deleteIS9_EEEEEENS_19__map_value_compareIS6_SD_NS_4lessIS6_EELb1EEENS_9allocatorISD_EEE10__end_nodeEv
FNDA:0,_ZNKSt3__16__treeINS_12__value_typeIPKN5boost6system14error_categoryENS_10unique_ptrINS3_6detail12std_categoryENS_14default_deleteIS9_EEEEEENS_19__map_value_compareIS6_SD_NS_4lessIS6_EELb1EEENS_9allocatorISD_EEE6__rootEv
FNDA:0,_ZNSt3__116__tree_node_baseIPvE12__set_parentEPS2_
FNDA:0,_ZNSt3__16__treeINS_12__value_typeIPKN5boost6system14error_categoryENS_10unique_ptrINS3_6detail12std_categoryENS_14default_deleteIS9_EEEEEENS_19__map_value_compareIS6_SD_NS_4lessIS6_EELb1EEENS_9allocatorISD_EEEC2ERKSH_
FNDA:0,_ZNSt3__16__treeINS_12__value_typeIPKN5boost6system14error_categoryENS_10unique_ptrINS3_6detail12std_categoryENS_14default_deleteIS9_EEEEEENS_19__map_value_compareIS6_SD_NS_4lessIS6_EELb1EEENS_9allocatorISD_EEE10value_compEv
FNDA:0,_ZNKSt3__115__tree_iteratorINS_12__value_typeIPKN5boost6system14error_categoryENS_10unique_ptrINS3_6detail12std_categoryENS_14default_deleteIS9_EEEEEEPNS_11__tree_nodeISD_PvEElEdeEv
FNDA:0,_ZNSt3__16__treeINS_12__value_typeIPKN5boost6system14error_categoryENS_10unique_ptrINS3_6detail12std_categoryENS_14default_deleteIS9_EEEEEENS_19__map_value_compareIS6_SD_NS_4lessIS6_EELb1EEENS_9allocatorISD_EEE15__insert_uniqueEONS_4pairIKS6_SC_EE
FNDA:0,_ZNSt3__16__treeINS_12__value_typeIPKN5boost6system14error_categoryENS_10unique_ptrINS3_6detail12std_categoryENS_14default_deleteIS9_EEEEEENS_19__map_value_compareIS6_SD_NS_4lessIS6_EELb1EEENS_9allocatorISD_EEE25__emplace_unique_key_argsIS6_JNS_4pairIKS6_SC_EEEEENSM_INS_15__tree_iteratorISD_PNS_11__tree_nodeISD_PvEElEEbEERKT_DpOT0_
FNDA:0,_ZNKSt3__115__tree_iteratorINS_12__value_typeIPKN5boost6system14error_categoryENS_10unique_ptrINS3_6detail12std_categoryENS_14default_deleteIS9_EEEEEEPNS_11__tree_nodeISD_PvEElEptEv
FNF:43
FNH:0
DA:73,0
DA:75,0
DA:227,0
DA:229,0
DA:230,0
DA:231,0
DA:232,0
DA:233,0
DA:234,0
DA:235,0
DA:237,0
DA:238,0
DA:239,0
DA:240,0
DA:247,0
DA:249,0
DA:250,0
DA:251,0
DA:252,0
DA:253,0
DA:254,0
DA:255,0
DA:257,0
DA:258,0
DA:259,0
DA:260,0
DA:272,0
DA:274,0
DA:275,0
DA:278,0
DA:280,0
DA:281,0
DA:283,0
DA:284,0
DA:285,0
DA:286,0
DA:287,0
DA:288,0
DA:291,0
DA:293,0
DA:294,0
DA:295,0
DA:296,0
DA:297,0
DA:298,0
DA:299,0
DA:300,0
DA:301,0
DA:303,0
DA:306,0
DA:307,0
DA:309,0
DA:310,0
DA:311,0
DA:312,0
DA:313,0
DA:314,0
DA:317,0
DA:319,0
DA:320,0
DA:321,0
DA:322,0
DA:323,0
DA:324,0
DA:325,0
DA:326,0
DA:327,0
DA:331,0
DA:590,0
DA:591,0
DA:609,0
DA:610,0
DA:713,0
DA:731,0
DA:734,0
DA:735,0
DA:736,0
DA:778,0
DA:779,0
DA:780,0
DA:781,0
DA:784,0
DA:786,0
DA:787,0
DA:788,0
DA:789,0
DA:790,0
DA:831,0
DA:832,0
DA:833,0
DA:834,0
DA:857,0
DA:858,0
DA:860,0
DA:861,0
DA:865,0
DA:867,0
DA:869,0
DA:1032,0
DA:1034,0
DA:1035,0
DA:1039,0
DA:1041,0
DA:1042,0
DA:1043,0
DA:1048,0
DA:1054,0
DA:1063,0
DA:1068,0
DA:1075,0
DA:1076,0
DA:1078,0
DA:1079,0
DA:1085,0
DA:1117,0
DA:1275,0
DA:1276,0
DA:1520,0
DA:1524,0
DA:1525,0
DA:1526,0
DA:1527,0
DA:1838,0
DA:1839,0
DA:1842,0
DA:1843,0
DA:1847,0
DA:1849,0
DA:1851,0
DA:1852,0
DA:1853,0
DA:1854,0
DA:1855,0
DA:1856,0
DA:1857,0
DA:2019,0
DA:2022,0
DA:2023,0
DA:2024,0
DA:2026,0
DA:2028,0
DA:2030,0
DA:2031,0
DA:2032,0
DA:2033,0
DA:2034,0
DA:2035,0
DA:2037,0
DA:2038,0
DA:2040,0
DA:2041,0
DA:2042,0
DA:2043,0
DA:2044,0
DA:2045,0
DA:2047,0
DA:2050,0
DA:2051,0
DA:2055,0
DA:2056,0
DA:2057,0
DA:2123,0
DA:2127,0
DA:2128,0
DA:2129,0
DA:2131,0
DA:2132,0
DA:2133,0
DA:2134,0
DA:2135,0
DA:2136,0
DA:2142,0
DA:2151,0
DA:2152,0
DA:2153,0
DA:2154,0
DA:2157,0
DA:2161,0
DA:2162,0
DA:2163,0
DA:2164,0
DA:2165,0
DA:2206,0
DA:2210,0
DA:2211,0
DA:2212,0
DA:2213,0
DA:2214,0
DA:2215,0
DA:2597,0
DA:2599,0
DA:2600,0
DA:2601,0
DA:2602,0
DA:2603,0
DA:2664,0
DA:2668,0
DA:2670,0
DA:2672,0
DA:2673,0
DA:2674,0
DA:2676,0
DA:2678,0
LF:203
LH:0
end_of_record
TN:
SF:/Library/Developer/CommandLineTools/usr/include/c++/v1/algorithm
FN:716,_ZNKSt3__16__lessIllEclERKlS3_
FN:716,_ZNKSt3__16__lessImmEclERKmS3_
FN:716,_ZNKSt3__16__lessIPcS1_EclERKS1_S4_
FN:1583,_ZNSt3__1L13__unwrap_iterIPPP9BBP_BlockEET_S5_
FN:1787,_ZNSt3__1L6__moveIPP9BBP_BlockS3_EENS_9enable_ifIXaasr7is_sameINS_12remove_constIT_E4typeET0_EE5valuesr28is_trivially_copy_assignableIS9_EE5valueEPS9_E4typeEPS6_SD_SA_
FN:1798,_ZNSt3__1L4moveIPPP9BBP_BlockS4_EET0_T_S6_S5_
FN:1823,_ZNSt3__1L15__move_backwardIPP9BBP_BlockS3_EENS_9enable_ifIXaasr7is_sameINS_12remove_constIT_E4typeET0_EE5valuesr28is_trivially_copy_assignableIS9_EE5valueEPS9_E4typeEPS6_SD_SA_
FN:1837,_ZNSt3__1L13move_backwardIPPP9BBP_BlockS4_EET0_T_S6_S5_
FN:2454,_ZNSt3__1L3minImNS_6__lessImmEEEERKT_S5_S5_T0_
FN:2462,_ZNSt3__1L3minImEERKT_S3_S3_
FN:2521,_ZNSt3__1L3maxImNS_6__lessImmEEEERKT_S5_S5_T0_
FN:2521,_ZNSt3__1L3maxIlNS_6__lessIllEEEERKT_S5_S5_T0_
FN:2521,_ZNSt3__1L3maxIPcNS_6__lessIS1_S1_EEEERKT_S6_S6_T0_
FN:2529,_ZNSt3__1L3maxImEERKT_S3_S3_
FN:2529,_ZNSt3__1L3maxIPcEERKT_S4_S4_
FN:2529,_ZNSt3__1L3maxIlEERKT_S3_S3_
FNDA:0,_ZNSt3__1L6__moveIPP9BBP_BlockS3_EENS_9enable_ifIXaasr7is_sameINS_12remove_constIT_E4typeET0_EE5valuesr28is_trivially_copy_assignableIS9_EE5valueEPS9_E4typeEPS6_SD_SA_
FNDA:0,_ZNSt3__1L3minImNS_6__lessImmEEEERKT_S5_S5_T0_
FNDA:0,_ZNSt3__1L3maxIlNS_6__lessIllEEEERKT_S5_S5_T0_
FNDA:0,_ZNSt3__1L3maxIlEERKT_S3_S3_
FNDA:8448,_ZNSt3__1L3maxIPcNS_6__lessIS1_S1_EEEERKT_S6_S6_T0_
FNDA:8448,_ZNSt3__1L3maxIPcEERKT_S4_S4_
FNDA:8448,_ZNKSt3__16__lessIPcS1_EclERKS1_S4_
FNDA:0,_ZNKSt3__16__lessImmEclERKmS3_
FNDA:0,_ZNSt3__1L4moveIPPP9BBP_BlockS4_EET0_T_S6_S5_
FNDA:0,_ZNSt3__1L13__unwrap_iterIPPP9BBP_BlockEET_S5_
FNDA:0,_ZNSt3__1L3maxImNS_6__lessImmEEEERKT_S5_S5_T0_
FNDA:0,_ZNSt3__1L3minImEERKT_S3_S3_
FNDA:0,_ZNSt3__1L15__move_backwardIPP9BBP_BlockS3_EENS_9enable_ifIXaasr7is_sameINS_12remove_constIT_E4typeET0_EE5valuesr28is_trivially_copy_assignableIS9_EE5valueEPS9_E4typeEPS6_SD_SA_
FNDA:0,_ZNKSt3__16__lessIllEclERKlS3_
FNDA:0,_ZNSt3__1L3maxImEERKT_S3_S3_
FNDA:0,_ZNSt3__1L13move_backwardIPPP9BBP_BlockS4_EET0_T_S6_S5_
FNF:16
FNH:3
DA:716,8448
DA:1583,0
DA:1585,0
DA:1787,0
DA:1789,0
DA:1790,0
DA:1791,0
DA:1792,0
DA:1798,0
DA:1800,0
DA:1823,0
DA:1825,0
DA:1826,0
DA:1828,0
DA:1829,0
DA:1830,0
DA:1831,0
DA:1837,0
DA:1840,0
DA:2454,0
DA:2456,0
DA:2462,0
DA:2464,0
DA:2521,8448
DA:2523,8448
DA:2529,8448
DA:2531,8448
LF:27
LH:5
end_of_record
TN:
SF:/Library/Developer/CommandLineTools/usr/include/c++/v1/atomic
FN:924,_ZNKSt3__113__atomic_baseIlLb0EE4loadENS_12memory_orderE
FN:930,_ZNKSt3__113__atomic_baseIlLb0EEcvlEv
FN:982,_ZNSt3__113__atomic_baseIlLb0EEC2El
FN:1010,_ZNSt3__113__atomic_baseIlLb1EEC2El
FN:1016,_ZNSt3__113__atomic_baseIlLb1EE9fetch_addElNS_12memory_orderE
FN:1022,_ZNSt3__113__atomic_baseIlLb1EE9fetch_subElNS_12memory_orderE
FN:1054,_ZNSt3__113__atomic_baseIlLb1EEppEv
FN:1058,_ZNSt3__113__atomic_baseIlLb1EEmmEv
FN:1062,_ZNSt3__113__atomic_baseIlLb1EEpLEl
FN:1091,_ZNSt3__16atomicIlEC2El
FN:1091,_ZNSt3__16atomicIlEC1El
FN:1819,_ZNSt3__1L19atomic_thread_fenceENS_12memory_orderE
FNDA:0,_ZNSt3__113__atomic_baseIlLb1EE9fetch_subElNS_12memory_orderE
FNDA:0,_ZNSt3__113__atomic_baseIlLb1EEpLEl
FNDA:0,_ZNSt3__113__atomic_baseIlLb1EEppEv
FNDA:0,_ZNKSt3__113__atomic_baseIlLb0EE4loadENS_12memory_orderE
FNDA:0,_ZNKSt3__113__atomic_baseIlLb0EEcvlEv
FNDA:0,_ZNSt3__16atomicIlEC2El
FNDA:0,_ZNSt3__113__atomic_baseIlLb1EE9fetch_addElNS_12memory_orderE
FNDA:0,_ZNSt3__1L19atomic_thread_fenceENS_12memory_orderE
FNDA:0,_ZNSt3__16atomicIlEC1El
FNDA:0,_ZNSt3__113__atomic_baseIlLb0EEC2El
FNDA:0,_ZNSt3__113__atomic_baseIlLb1EEmmEv
FNDA:0,_ZNSt3__113__atomic_baseIlLb1EEC2El
FNF:12
FNH:0
DA:924,0
DA:926,0
DA:930,0
DA:982,0
DA:1010,0
DA:1016,0
DA:1017,0
DA:1022,0
DA:1023,0
DA:1054,0
DA:1058,0
DA:1062,0
DA:1091,0
DA:1819,0
DA:1821,0
DA:1822,0
LF:16
LH:0
end_of_record
TN:
SF:/Library/Developer/CommandLineTools/usr/include/c++/v1/chrono
FN:863,_ZNKSt3__16chrono15__duration_castINS0_8durationIxNS_5ratioILl1ELl1000000000EEEEES5_NS3_ILl1ELl1EEELb1ELb1EEclERKS5_
FN:863,_ZNKSt3__16chrono15__duration_castINS0_8durationIxNS_5ratioILl1ELl1000000000EEEEENS2_IeS4_EENS3_ILl1ELl1EEELb1ELb1EEclERKS5_
FN:863,_ZNKSt3__16chrono15__duration_castINS0_8durationIxNS_5ratioILl1ELl1000EEEEENS2_IeS4_EENS3_ILl1ELl1EEELb1ELb1EEclERKS5_
FN:885,_ZNKSt3__16chrono15__duration_castINS0_8durationIxNS_5ratioILl1ELl1000EEEEENS2_IxNS3_ILl1ELl1000000000EEEEENS3_ILl1000000ELl1EEELb0ELb1EEclERKS5_
FN:885,_ZNKSt3__16chrono15__duration_castINS0_8durationIxNS_5ratioILl1ELl1000000EEEEENS2_IeNS3_ILl1ELl1000000000EEEEENS3_ILl1000ELl1EEELb0ELb1EEclERKS5_
FN:885,_ZNKSt3__16chrono15__duration_castINS0_8durationIxNS_5ratioILl1ELl1000000EEEEENS2_IxNS3_ILl1ELl1000000000EEEEENS3_ILl1000ELl1EEELb0ELb1EEclERKS5_
FN:885,_ZNKSt3__16chrono15__duration_castINS0_8durationIeNS_5ratioILl1ELl1EEEEENS2_IeNS3_ILl1ELl1000EEEEENS3_ILl1000ELl1EEELb0ELb1EEclERKS5_
FN:914,_ZNSt3__16chronoL13duration_castINS0_8durationIxNS_5ratioILl1ELl1000000000EEEEExS4_EENS_9enable_ifIXsr13__is_durationIT_EE5valueES7_E4typeERKNS2_IT0_T1_EE
FN:914,_ZNSt3__16chronoL13duration_castINS0_8durationIeNS_5ratioILl1ELl1000000000EEEEExNS3_ILl1ELl1000000EEEEENS_9enable_ifIXsr13__is_durationIT_EE5valueES8_E4typeERKNS2_IT0_T1_EE
FN:914,_ZNSt3__16chronoL13duration_castINS0_8durationIeNS_5ratioILl1ELl1000EEEEExS4_EENS_9enable_ifIXsr13__is_durationIT_EE5valueES7_E4typeERKNS2_IT0_T1_EE
FN:914,_ZNSt3__16chronoL13duration_castINS0_8durationIeNS_5ratioILl1ELl1000EEEEEeNS3_ILl1ELl1EEEEENS_9enable_ifIXsr13__is_durationIT_EE5valueES8_E4typeERKNS2_IT0_T1_EE
FN:914,_ZNSt3__16chronoL13duration_castINS0_8durationIxNS_5ratioILl1ELl1000000000EEEEExNS3_ILl1ELl1000000EEEEENS_9enable_ifIXsr13__is_durationIT_EE5valueES8_E4typeERKNS2_IT0_T1_EE
FN:914,_ZNSt3__16chronoL13duration_castINS0_8durationIxNS_5ratioILl1ELl1000000000EEEEExNS3_ILl1ELl1000EEEEENS_9enable_ifIXsr13__is_durationIT_EE5valueES8_E4typeERKNS2_IT0_T1_EE
FN:914,_ZNSt3__16chronoL13duration_castINS0_8durationIeNS_5ratioILl1ELl1000000000EEEEExS4_EENS_9enable_ifIXsr13__is_durationIT_EE5valueES7_E4typeERKNS2_IT0_T1_EE
FN:932,_ZNSt3__16chrono15duration_valuesIxE4zeroEv
FN:933,_ZNSt3__16chrono15duration_valuesIxE3maxEv
FN:1044,_ZNSt3__16chrono8durationIxNS_5ratioILl1ELl1000EEEEC2IxEERKT_PNS_9enable_ifIXaasr14is_convertibleIS6_xEE5valueooL_ZNS_17integral_constantIbLb0EE5valueEEntsr23treat_as_floating_pointIS6_EE5valueEvE4typeE
FN:1044,_ZNSt3__16chrono8durationIxNS_5ratioILl1ELl1000EEEEC1IiEERKT_PNS_9enable_ifIXaasr14is_convertibleIS6_xEE5valueooL_ZNS_17integral_constantIbLb0EE5valueEEntsr23treat_as_floating_pointIS6_EE5valueEvE4typeE
FN:1044,_ZNSt3__16chrono8durationIxNS_5ratioILl1ELl1000000000EEEEC2IxEERKT_PNS_9enable_ifIXaasr14is_convertibleIS6_xEE5valueooL_ZNS_17integral_constantIbLb0EE5valueEEntsr23treat_as_floating_pointIS6_EE5valueEvE4typeE
FN:1044,_ZNSt3__16chrono8durationIxNS_5ratioILl1ELl1000000000EEEEC1IxEERKT_PNS_9enable_ifIXaasr14is_convertibleIS6_xEE5valueooL_ZNS_17integral_constantIbLb0EE5valueEEntsr23treat_as_floating_pointIS6_EE5valueEvE4typeE
FN:1044,_ZNSt3__16chrono8durationIxNS_5ratioILl1ELl1000EEEEC1IxEERKT_PNS_9enable_ifIXaasr14is_convertibleIS6_xEE5valueooL_ZNS_17integral_constantIbLb0EE5valueEEntsr23treat_as_floating_pointIS6_EE5valueEvE4typeE
FN:1044,_ZNSt3__16chrono8durationIxNS_5ratioILl1ELl1000EEEEC2IiEERKT_PNS_9enable_ifIXaasr14is_convertibleIS6_xEE5valueooL_ZNS_17integral_constantIbLb0EE5valueEEntsr23treat_as_floating_pointIS6_EE5valueEvE4typeE
FN:1044,_ZNSt3__16chrono8durationIeNS_5ratioILl1ELl1000EEEEC1IeEERKT_PNS_9enable_ifIXaasr14is_convertibleIS6_eEE5valueooL_ZNS_17integral_constantIbLb1EE5valueEEntsr23treat_as_floating_pointIS6_EE5valueEvE4typeE
FN:1044,_ZNSt3__16chrono8durationIeNS_5ratioILl1ELl1000000000EEEEC1IeEERKT_PNS_9enable_ifIXaasr14is_convertibleIS6_eEE5valueooL_ZNS_17integral_constantIbLb1EE5valueEEntsr23treat_as_floating_pointIS6_EE5valueEvE4typeE
FN:1044,_ZNSt3__16chrono8durationIeNS_5ratioILl1ELl1000000000EEEEC2IeEERKT_PNS_9enable_ifIXaasr14is_convertibleIS6_eEE5valueooL_ZNS_17integral_constantIbLb1EE5valueEEntsr23treat_as_floating_pointIS6_EE5valueEvE4typeE
FN:1044,_ZNSt3__16chrono8durationIeNS_5ratioILl1ELl1000EEEEC2IeEERKT_PNS_9enable_ifIXaasr14is_convertibleIS6_eEE5valueooL_ZNS_17integral_constantIbLb1EE5valueEEntsr23treat_as_floating_pointIS6_EE5valueEvE4typeE
FN:1056,_ZNSt3__16chrono8durationIeNS_5ratioILl1ELl1000EEEEC2IeNS2_ILl1ELl1EEEEERKNS1_IT_T0_EEPNS_9enable_ifIXaasr13__no_overflowIS8_S3_EE5valueooL_ZNS_17integral_constantIbLb1EE5valueEEaaeqsr13__no_overflowIS8_S3_E4typeE3denLi1Entsr23treat_as_floating_pointIS7_EE5valueEvE4typeE
FN:1056,_ZNSt3__16chrono8durationIxNS_5ratioILl1ELl1000000000EEEEC1IxNS2_ILl1ELl1000EEEEERKNS1_IT_T0_EEPNS_9enable_ifIXaasr13__no_overflowIS8_S3_EE5valueooL_ZNS_17integral_constantIbLb0EE5valueEEaaeqsr13__no_overflowIS8_S3_E4typeE3denLi1Entsr23treat_as_floating_pointIS7_EE5valueEvE4typeE
FN:1056,_ZNSt3__16chrono8durationIeNS_5ratioILl1ELl1000EEEEC2IxS3_EERKNS1_IT_T0_EEPNS_9enable_ifIXaasr13__no_overflowIS7_S3_EE5valueooL_ZNS_17integral_constantIbLb1EE5valueEEaaeqsr13__no_overflowIS7_S3_E4typeE3denLi1Entsr23treat_as_floating_pointIS6_EE5valueEvE4typeE
FN:1056,_ZNSt3__16chrono8durationIeNS_5ratioILl1ELl1000000000EEEEC1IxS3_EERKNS1_IT_T0_EEPNS_9enable_ifIXaasr13__no_overflowIS7_S3_EE5valueooL_ZNS_17integral_constantIbLb1EE5valueEEaaeqsr13__no_overflowIS7_S3_E4typeE3denLi1Entsr23treat_as_floating_pointIS6_EE5valueEvE4typeE
FN:1056,_ZNSt3__16chrono8durationIeNS_5ratioILl1ELl1000000000EEEEC2IxNS2_ILl1ELl1000000EEEEERKNS1_IT_T0_EEPNS_9enable_ifIXaasr13__no_overflowIS8_S3_EE5valueooL_ZNS_17integral_constantIbLb1EE5valueEEaaeqsr13__no_overflowIS8_S3_E4typeE3denLi1Entsr23treat_as_floating_pointIS7_EE5valueEvE4typeE
FN:1056,_ZNSt3__16chrono8durationIxNS_5ratioILl1ELl1000000000EEEEC2IxNS2_ILl1ELl1000000EEEEERKNS1_IT_T0_EEPNS_9enable_ifIXaasr13__no_overflowIS8_S3_EE5valueooL_ZNS_17integral_constantIbLb0EE5valueEEaaeqsr13__no_overflowIS8_S3_E4typeE3denLi1Entsr23treat_as_floating_pointIS7_EE5valueEvE4typeE
FN:1056,_ZNSt3__16chrono8durationIeNS_5ratioILl1ELl1000EEEEC1IeNS2_ILl1ELl1EEEEERKNS1_IT_T0_EEPNS_9enable_ifIXaasr13__no_overflowIS8_S3_EE5valueooL_ZNS_17integral_constantIbLb1EE5valueEEaaeqsr13__no_overflowIS8_S3_E4typeE3denLi1Entsr23treat_as_floating_pointIS7_EE5valueEvE4typeE
FN:1056,_ZNSt3__16chrono8durationIeNS_5ratioILl1ELl1000000000EEEEC2IxS3_EERKNS1_IT_T0_EEPNS_9enable_ifIXaasr13__no_overflowIS7_S3_EE5valueooL_ZNS_17integral_constantIbLb1EE5valueEEaaeqsr13__no_overflowIS7_S3_E4typeE3denLi1Entsr23treat_as_floating_pointIS6_EE5valueEvE4typeE
FN:1056,_ZNSt3__16chrono8durationIeNS_5ratioILl1ELl1000EEEEC1IxS3_EERKNS1_IT_T0_EEPNS_9enable_ifIXaasr13__no_overflowIS7_S3_EE5valueooL_ZNS_17integral_constantIbLb1EE5valueEEaaeqsr13__no_overflowIS7_S3_E4typeE3denLi1Entsr23treat_as_floating_pointIS6_EE5valueEvE4typeE
FN:1056,_ZNSt3__16chrono8durationIxNS_5ratioILl1ELl1000000000EEEEC1IxNS2_ILl1ELl1000000EEEEERKNS1_IT_T0_EEPNS_9enable_ifIXaasr13__no_overflowIS8_S3_EE5valueooL_ZNS_17integral_constantIbLb0EE5valueEEaaeqsr13__no_overflowIS8_S3_E4typeE3denLi1Entsr23treat_as_floating_pointIS7_EE5valueEvE4typeE
FN:1056,_ZNSt3__16chrono8durationIeNS_5ratioILl1ELl1000000000EEEEC1IxNS2_ILl1ELl1000000EEEEERKNS1_IT_T0_EEPNS_9enable_ifIXaasr13__no_overflowIS8_S3_EE5valueooL_ZNS_17integral_constantIbLb1EE5valueEEaaeqsr13__no_overflowIS8_S3_E4typeE3denLi1Entsr23treat_as_floating_pointIS7_EE5valueEvE4typeE
FN:1056,_ZNSt3__16chrono8durationIxNS_5ratioILl1ELl1000000000EEEEC2IxNS2_ILl1ELl1000EEEEERKNS1_IT_T0_EEPNS_9enable_ifIXaasr13__no_overflowIS8_S3_EE5valueooL_ZNS_17integral_constantIbLb0EE5valueEEaaeqsr13__no_overflowIS8_S3_E4typeE3denLi1Entsr23treat_as_floating_pointIS7_EE5valueEvE4typeE
FN:1068,_ZNKSt3__16chrono8durationIeNS_5ratioILl1ELl1000000000EEEE5countEv
FN:1068,_ZNKSt3__16chrono8durationIxNS_5ratioILl1ELl1000000EEEE5countEv
FN:1068,_ZNKSt3__16chrono8durationIxNS_5ratioILl1ELl1000EEEE5countEv
FN:1068,_ZNKSt3__16chrono8durationIeNS_5ratioILl1ELl1EEEE5countEv
FN:1068,_ZNKSt3__16chrono8durationIxNS_5ratioILl1ELl1000000000EEEE5countEv
FN:1068,_ZNKSt3__16chrono8durationIeNS_5ratioILl1ELl1000EEEE5countEv
FN:1074,_ZNSt3__16chrono8durationIxNS_5ratioILl1ELl1000000000EEEEppEv
FN:1089,_ZNSt3__16chrono8durationIxNS_5ratioILl1ELl1000EEEE4zeroEv
FN:1089,_ZNSt3__16chrono8durationIxNS_5ratioILl1ELl1000000000EEEE4zeroEv
FN:1091,_ZNSt3__16chrono8durationIxNS_5ratioILl1ELl1000000000EEEE3maxEv
FN:1153,_ZNKSt3__16chrono13__duration_ltINS0_8durationIxNS_5ratioILl1ELl1000EEEEENS2_IeNS3_ILl1ELl1EEEEEEclERKS5_RKS7_
FN:1153,_ZNKSt3__16chrono13__duration_ltINS0_8durationIxNS_5ratioILl1ELl1000000000EEEEENS2_IxNS3_ILl1ELl1000EEEEEEclERKS5_RKS7_
FN:1153,_ZNKSt3__16chrono13__duration_ltINS0_8durationIxNS_5ratioILl1ELl1000000EEEEENS2_IeNS3_ILl1ELl1000000000EEEEEEclERKS5_RKS7_
FN:1164,_ZNKSt3__16chrono13__duration_ltINS0_8durationIxNS_5ratioILl1ELl1000000000EEEEES5_EclERKS5_S8_
FN:1164,_ZNKSt3__16chrono13__duration_ltINS0_8durationIxNS_5ratioILl1ELl1000EEEEES5_EclERKS5_S8_
FN:1172,_ZNSt3__16chronoltIxNS_5ratioILl1ELl1000000000EEExS3_EEbRKNS0_8durationIT_T0_EERKNS4_IT1_T2_EE
FN:1172,_ZNSt3__16chronoltIxNS_5ratioILl1ELl1000EEEeNS2_ILl1ELl1EEEEEbRKNS0_8durationIT_T0_EERKNS5_IT1_T2_EE
FN:1172,_ZNSt3__16chronoltIxNS_5ratioILl1ELl1000000000EEExNS2_ILl1ELl1000EEEEEbRKNS0_8durationIT_T0_EERKNS5_IT1_T2_EE
FN:1172,_ZNSt3__16chronoltIxNS_5ratioILl1ELl1000000EEEeNS2_ILl1ELl1000000000EEEEEbRKNS0_8durationIT_T0_EERKNS5_IT1_T2_EE
FN:1172,_ZNSt3__16chronoltIxNS_5ratioILl1ELl1000EEExS3_EEbRKNS0_8durationIT_T0_EERKNS4_IT1_T2_EE
FN:1183,_ZNSt3__16chronogtIxNS_5ratioILl1ELl1000EEExS3_EEbRKNS0_8durationIT_T0_EERKNS4_IT1_T2_EE
FN:1194,_ZNSt3__16chronoleIxNS_5ratioILl1ELl1000000000EEExS3_EEbRKNS0_8durationIT_T0_EERKNS4_IT1_T2_EE
FN:1216,_ZNSt3__16chronoplIxNS_5ratioILl1ELl1000000000EEExNS2_ILl1ELl1000EEEEENS_11common_typeIJNS0_8durationIT_T0_EENS6_IT1_T2_EEEE4typeERKS9_RKSC_
FN:1216,_ZNSt3__16chronoplIxNS_5ratioILl1ELl1000000EEExNS2_ILl1ELl1000000000EEEEENS_11common_typeIJNS0_8durationIT_T0_EENS6_IT1_T2_EEEE4typeERKS9_RKSC_
FN:1228,_ZNSt3__16chronomiIeNS_5ratioILl1ELl1000000000EEExS3_EENS_11common_typeIJNS0_8durationIT_T0_EENS5_IT1_T2_EEEE4typeERKS8_RKSB_
FN:1228,_ZNSt3__16chronomiIxNS_5ratioILl1ELl1000000000EEExS3_EENS_11common_typeIJNS0_8durationIT_T0_EENS5_IT1_T2_EEEE4typeERKS8_RKSB_
FN:1354,_ZNSt3__16chrono10time_pointINS0_12system_clockENS0_8durationIxNS_5ratioILl1ELl1000000000EEEEEEC1ERKS6_
FN:1354,_ZNSt3__16chrono10time_pointINS0_12system_clockENS0_8durationIeNS_5ratioILl1ELl1000000000EEEEEEC1ERKS6_
FN:1354,_ZNSt3__16chrono10time_pointINS0_12system_clockENS0_8durationIxNS_5ratioILl1ELl1000000000EEEEEEC2ERKS6_
FN:1354,_ZNSt3__16chrono10time_pointINS0_12system_clockENS0_8durationIeNS_5ratioILl1ELl1000000000EEEEEEC2ERKS6_
FN:1354,_ZNSt3__16chrono10time_pointINS0_12steady_clockENS0_8durationIxNS_5ratioILl1ELl1000000000EEEEEEC1ERKS6_
FN:1354,_ZNSt3__16chrono10time_pointINS0_12steady_clockENS0_8durationIxNS_5ratioILl1ELl1000000000EEEEEEC2ERKS6_
FN:1359,_ZNSt3__16chrono10time_pointINS0_12system_clockENS0_8durationIeNS_5ratioILl1ELl1000000000EEEEEEC2INS3_IxS5_EEEERKNS1_IS2_T_EEPNS_9enable_ifIXsr14is_convertibleISA_S6_EE5valueEvE4typeE
FN:1359,_ZNSt3__16chrono10time_pointINS0_12system_clockENS0_8durationIeNS_5ratioILl1ELl1000000000EEEEEEC1INS3_IxS5_EEEERKNS1_IS2_T_EEPNS_9enable_ifIXsr14is_convertibleISA_S6_EE5valueEvE4typeE
FN:1368,_ZNKSt3__16chrono10time_pointINS0_12system_clockENS0_8durationIeNS_5ratioILl1ELl1000000000EEEEEE16time_since_epochEv
FN:1368,_ZNKSt3__16chrono10time_pointINS0_12system_clockENS0_8durationIxNS_5ratioILl1ELl1000000000EEEEEE16time_since_epochEv
FN:1368,_ZNKSt3__16chrono10time_pointINS0_12steady_clockENS0_8durationIxNS_5ratioILl1ELl1000000000EEEEEE16time_since_epochEv
FN:1368,_ZNKSt3__16chrono10time_pointINS0_12system_clockENS0_8durationIxNS_5ratioILl1ELl1000000EEEEEE16time_since_epochEv
FN:1378,_ZNSt3__16chrono10time_pointINS0_12system_clockENS0_8durationIxNS_5ratioILl1ELl1000000000EEEEEE3maxEv
FN:1475,_ZNSt3__16chronoltINS0_12steady_clockENS0_8durationIxNS_5ratioILl1ELl1000000000EEEEES6_EEbRKNS0_10time_pointIT_T0_EERKNS7_IS8_T1_EE
FN:1475,_ZNSt3__16chronoltINS0_12system_clockENS0_8durationIxNS_5ratioILl1ELl1000000EEEEENS3_IeNS4_ILl1ELl1000000000EEEEEEEbRKNS0_10time_pointIT_T0_EERKNS9_ISA_T1_EE
FN:1485,_ZNSt3__16chronogtINS0_12system_clockENS0_8durationIeNS_5ratioILl1ELl1000000000EEEEENS3_IxNS4_ILl1ELl1000000EEEEEEEbRKNS0_10time_pointIT_T0_EERKNS9_ISA_T1_EE
FN:1515,_ZNSt3__16chronoplINS0_12steady_clockENS0_8durationIxNS_5ratioILl1ELl1000000000EEEEExNS4_ILl1ELl1000EEEEENS0_10time_pointIT_NS_11common_typeIJT0_NS3_IT1_T2_EEEE4typeEEERKNS8_IS9_SB_EERKSE_
FN:1515,_ZNSt3__16chronoplINS0_12system_clockENS0_8durationIxNS_5ratioILl1ELl1000000EEEEExNS4_ILl1ELl1000000000EEEEENS0_10time_pointIT_NS_11common_typeIJT0_NS3_IT1_T2_EEEE4typeEEERKNS8_IS9_SB_EERKSE_
FN:1536,_ZNSt3__16chronomiINS0_12system_clockENS0_8durationIeNS_5ratioILl1ELl1000000000EEEEExS5_EENS0_10time_pointIT_NS_11common_typeIJT0_NS3_IT1_T2_EEEE4typeEEERKNS7_IS8_SA_EERKSD_
FN:1547,_ZNSt3__16chronomiINS0_12steady_clockENS0_8durationIxNS_5ratioILl1ELl1000000000EEEEES6_EENS_11common_typeIJT0_T1_EE4typeERKNS0_10time_pointIT_S8_EERKNSC_ISD_S9_EE
FNDA:0,_ZNSt3__16chrono8durationIxNS_5ratioILl1ELl1000000000EEEEppEv
FNDA:0,_ZNSt3__16chrono8durationIxNS_5ratioILl1ELl1000000000EEEEC1IxNS2_ILl1ELl1000EEEEERKNS1_IT_T0_EEPNS_9enable_ifIXaasr13__no_overflowIS8_S3_EE5valueooL_ZNS_17integral_constantIbLb0EE5valueEEaaeqsr13__no_overflowIS8_S3_E4typeE3denLi1Entsr23treat_as_floating_pointIS7_EE5valueEvE4typeE
FNDA:0,_ZNSt3__16chronomiIeNS_5ratioILl1ELl1000000000EEExS3_EENS_11common_typeIJNS0_8durationIT_T0_EENS5_IT1_T2_EEEE4typeERKS8_RKSB_
FNDA:0,_ZNSt3__16chrono8durationIxNS_5ratioILl1ELl1000EEEEC1IiEERKT_PNS_9enable_ifIXaasr14is_convertibleIS6_xEE5valueooL_ZNS_17integral_constantIbLb0EE5valueEEntsr23treat_as_floating_pointIS6_EE5valueEvE4typeE
FNDA:0,_ZNKSt3__16chrono13__duration_ltINS0_8durationIxNS_5ratioILl1ELl1000000000EEEEES5_EclERKS5_S8_
FNDA:0,_ZNSt3__16chrono8durationIxNS_5ratioILl1ELl1000EEEEC2IxEERKT_PNS_9enable_ifIXaasr14is_convertibleIS6_xEE5valueooL_ZNS_17integral_constantIbLb0EE5valueEEntsr23treat_as_floating_pointIS6_EE5valueEvE4typeE
FNDA:0,_ZNSt3__16chrono8durationIeNS_5ratioILl1ELl1000EEEEC2IeNS2_ILl1ELl1EEEEERKNS1_IT_T0_EEPNS_9enable_ifIXaasr13__no_overflowIS8_S3_EE5valueooL_ZNS_17integral_constantIbLb1EE5valueEEaaeqsr13__no_overflowIS8_S3_E4typeE3denLi1Entsr23treat_as_floating_pointIS7_EE5valueEvE4typeE
FNDA:0,_ZNSt3__16chronoltINS0_12steady_clockENS0_8durationIxNS_5ratioILl1ELl1000000000EEEEES6_EEbRKNS0_10time_pointIT_T0_EERKNS7_IS8_T1_EE
FNDA:0,_ZNSt3__16chronoL13duration_castINS0_8durationIxNS_5ratioILl1ELl1000000000EEEEExS4_EENS_9enable_ifIXsr13__is_durationIT_EE5valueES7_E4typeERKNS2_IT0_T1_EE
FNDA:0,_ZNKSt3__16chrono15__duration_castINS0_8durationIxNS_5ratioILl1ELl1000EEEEENS2_IxNS3_ILl1ELl1000000000EEEEENS3_ILl1000000ELl1EEELb0ELb1EEclERKS5_
FNDA:0,_ZNSt3__16chrono8durationIxNS_5ratioILl1ELl1000000000EEEEC2IxEERKT_PNS_9enable_ifIXaasr14is_convertibleIS6_xEE5valueooL_ZNS_17integral_constantIbLb0EE5valueEEntsr23treat_as_floating_pointIS6_EE5valueEvE4typeE
FNDA:0,_ZNKSt3__16chrono13__duration_ltINS0_8durationIxNS_5ratioILl1ELl1000EEEEENS2_IeNS3_ILl1ELl1EEEEEEclERKS5_RKS7_
FNDA:0,_ZNSt3__16chrono10time_pointINS0_12system_clockENS0_8durationIxNS_5ratioILl1ELl1000000000EEEEEEC2ERKS6_
FNDA:0,_ZNSt3__16chronoL13duration_castINS0_8durationIeNS_5ratioILl1ELl1000000000EEEEExNS3_ILl1ELl1000000EEEEENS_9enable_ifIXsr13__is_durationIT_EE5valueES8_E4typeERKNS2_IT0_T1_EE
FNDA:0,_ZNSt3__16chrono15duration_valuesIxE4zeroEv
FNDA:0,_ZNSt3__16chrono8durationIeNS_5ratioILl1ELl1000000000EEEEC1IxS3_EERKNS1_IT_T0_EEPNS_9enable_ifIXaasr13__no_overflowIS7_S3_EE5valueooL_ZNS_17integral_constantIbLb1EE5valueEEaaeqsr13__no_overflowIS7_S3_E4typeE3denLi1Entsr23treat_as_floating_pointIS6_EE5valueEvE4typeE
FNDA:0,_ZNSt3__16chrono8durationIxNS_5ratioILl1ELl1000000000EEEEC1IxEERKT_PNS_9enable_ifIXaasr14is_convertibleIS6_xEE5valueooL_ZNS_17integral_constantIbLb0EE5valueEEntsr23treat_as_floating_pointIS6_EE5valueEvE4typeE
FNDA:0,_ZNSt3__16chrono10time_pointINS0_12system_clockENS0_8durationIxNS_5ratioILl1ELl1000000000EEEEEEC1ERKS6_
FNDA:0,_ZNSt3__16chronoltINS0_12system_clockENS0_8durationIxNS_5ratioILl1ELl1000000EEEEENS3_IeNS4_ILl1ELl1000000000EEEEEEEbRKNS0_10time_pointIT_T0_EERKNS9_ISA_T1_EE
FNDA:0,_ZNSt3__16chrono8durationIeNS_5ratioILl1ELl1000EEEEC2IxS3_EERKNS1_IT_T0_EEPNS_9enable_ifIXaasr13__no_overflowIS7_S3_EE5valueooL_ZNS_17integral_constantIbLb1EE5valueEEaaeqsr13__no_overflowIS7_S3_E4typeE3denLi1Entsr23treat_as_floating_pointIS6_EE5valueEvE4typeE
FNDA:0,_ZNSt3__16chronomiIxNS_5ratioILl1ELl1000000000EEExS3_EENS_11common_typeIJNS0_8durationIT_T0_EENS5_IT1_T2_EEEE4typeERKS8_RKSB_
FNDA:0,_ZNSt3__16chrono10time_pointINS0_12system_clockENS0_8durationIeNS_5ratioILl1ELl1000000000EEEEEEC1ERKS6_
FNDA:0,_ZNKSt3__16chrono15__duration_castINS0_8durationIxNS_5ratioILl1ELl1000000000EEEEES5_NS3_ILl1ELl1EEELb1ELb1EEclERKS5_
FNDA:0,_ZNKSt3__16chrono8durationIxNS_5ratioILl1ELl1000000EEEE5countEv
FNDA:0,_ZNKSt3__16chrono8durationIeNS_5ratioILl1ELl1000000000EEEE5countEv
FNDA:0,_ZNKSt3__16chrono8durationIxNS_5ratioILl1ELl1000EEEE5countEv
FNDA:0,_ZNSt3__16chrono8durationIxNS_5ratioILl1ELl1000000000EEEE3maxEv
FNDA:0,_ZNSt3__16chronoltIxNS_5ratioILl1ELl1000000000EEExS3_EEbRKNS0_8durationIT_T0_EERKNS4_IT1_T2_EE
FNDA:0,_ZNSt3__16chronoltIxNS_5ratioILl1ELl1000EEEeNS2_ILl1ELl1EEEEEbRKNS0_8durationIT_T0_EERKNS5_IT1_T2_EE
FNDA:0,_ZNKSt3__16chrono10time_pointINS0_12system_clockENS0_8durationIeNS_5ratioILl1ELl1000000000EEEEEE16time_since_epochEv
FNDA:0,_ZNSt3__16chrono8durationIxNS_5ratioILl1ELl1000EEEEC1IxEERKT_PNS_9enable_ifIXaasr14is_convertibleIS6_xEE5valueooL_ZNS_17integral_constantIbLb0EE5valueEEntsr23treat_as_floating_pointIS6_EE5valueEvE4typeE
FNDA:0,_ZNSt3__16chronoltIxNS_5ratioILl1ELl1000000000EEExNS2_ILl1ELl1000EEEEEbRKNS0_8durationIT_T0_EERKNS5_IT1_T2_EE
FNDA:0,_ZNSt3__16chrono8durationIeNS_5ratioILl1ELl1000EEEEC1IeNS2_ILl1ELl1EEEEERKNS1_IT_T0_EEPNS_9enable_ifIXaasr13__no_overflowIS8_S3_EE5valueooL_ZNS_17integral_constantIbLb1EE5valueEEaaeqsr13__no_overflowIS8_S3_E4typeE3denLi1Entsr23treat_as_floating_pointIS7_EE5valueEvE4typeE
FNDA:0,_ZNSt3__16chronomiINS0_12system_clockENS0_8durationIeNS_5ratioILl1ELl1000000000EEEEExS5_EENS0_10time_pointIT_NS_11common_typeIJT0_NS3_IT1_T2_EEEE4typeEEERKNS7_IS8_SA_EERKSD_
FNDA:0,_ZNSt3__16chrono8durationIxNS_5ratioILl1ELl1000000000EEEEC2IxNS2_ILl1ELl1000000EEEEERKNS1_IT_T0_EEPNS_9enable_ifIXaasr13__no_overflowIS8_S3_EE5valueooL_ZNS_17integral_constantIbLb0EE5valueEEaaeqsr13__no_overflowIS8_S3_E4typeE3denLi1Entsr23treat_as_floating_pointIS7_EE5valueEvE4typeE
FNDA:0,_ZNSt3__16chrono8durationIxNS_5ratioILl1ELl1000EEEEC2IiEERKT_PNS_9enable_ifIXaasr14is_convertibleIS6_xEE5valueooL_ZNS_17integral_constantIbLb0EE5valueEEntsr23treat_as_floating_pointIS6_EE5valueEvE4typeE
FNDA:0,_ZNSt3__16chrono8durationIxNS_5ratioILl1ELl1000EEEE4zeroEv
FNDA:0,_ZNSt3__16chrono8durationIeNS_5ratioILl1ELl1000000000EEEEC2IxS3_EERKNS1_IT_T0_EEPNS_9enable_ifIXaasr13__no_overflowIS7_S3_EE5valueooL_ZNS_17integral_constantIbLb1EE5valueEEaaeqsr13__no_overflowIS7_S3_E4typeE3denLi1Entsr23treat_as_floating_pointIS6_EE5valueEvE4typeE
FNDA:0,_ZNKSt3__16chrono15__duration_castINS0_8durationIxNS_5ratioILl1ELl1000EEEEENS2_IeS4_EENS3_ILl1ELl1EEELb1ELb1EEclERKS5_
FNDA:0,_ZNKSt3__16chrono13__duration_ltINS0_8durationIxNS_5ratioILl1ELl1000000EEEEENS2_IeNS3_ILl1ELl1000000000EEEEEEclERKS5_RKS7_
FNDA:0,_ZNSt3__16chronoL13duration_castINS0_8durationIeNS_5ratioILl1ELl1000EEEEExS4_EENS_9enable_ifIXsr13__is_durationIT_EE5valueES7_E4typeERKNS2_IT0_T1_EE
FNDA:0,_ZNSt3__16chronogtINS0_12system_clockENS0_8durationIeNS_5ratioILl1ELl1000000000EEEEENS3_IxNS4_ILl1ELl1000000EEEEEEEbRKNS0_10time_pointIT_T0_EERKNS9_ISA_T1_EE
FNDA:0,_ZNKSt3__16chrono10time_pointINS0_12system_clockENS0_8durationIxNS_5ratioILl1ELl1000000000EEEEEE16time_since_epochEv
FNDA:0,_ZNKSt3__16chrono8durationIeNS_5ratioILl1ELl1EEEE5countEv
FNDA:0,_ZNSt3__16chronoleIxNS_5ratioILl1ELl1000000000EEExS3_EEbRKNS0_8durationIT_T0_EERKNS4_IT1_T2_EE
FNDA:0,_ZNSt3__16chronoplINS0_12steady_clockENS0_8durationIxNS_5ratioILl1ELl1000000000EEEEExNS4_ILl1ELl1000EEEEENS0_10time_pointIT_NS_11common_typeIJT0_NS3_IT1_T2_EEEE4typeEEERKNS8_IS9_SB_EERKSE_
FNDA:0,_ZNKSt3__16chrono8durationIxNS_5ratioILl1ELl1000000000EEEE5countEv
FNDA:0,_ZNKSt3__16chrono13__duration_ltINS0_8durationIxNS_5ratioILl1ELl1000EEEEES5_EclERKS5_S8_
FNDA:0,_ZNSt3__16chrono8durationIeNS_5ratioILl1ELl1000000000EEEEC2IxNS2_ILl1ELl1000000EEEEERKNS1_IT_T0_EEPNS_9enable_ifIXaasr13__no_overflowIS8_S3_EE5valueooL_ZNS_17integral_constantIbLb1EE5valueEEaaeqsr13__no_overflowIS8_S3_E4typeE3denLi1Entsr23treat_as_floating_pointIS7_EE5valueEvE4typeE
FNDA:0,_ZNKSt3__16chrono13__duration_ltINS0_8durationIxNS_5ratioILl1ELl1000000000EEEEENS2_IxNS3_ILl1ELl1000EEEEEEclERKS5_RKS7_
FNDA:0,_ZNKSt3__16chrono15__duration_castINS0_8durationIxNS_5ratioILl1ELl1000000000EEEEENS2_IeS4_EENS3_ILl1ELl1EEELb1ELb1EEclERKS5_
FNDA:0,_ZNSt3__16chrono10time_pointINS0_12system_clockENS0_8durationIeNS_5ratioILl1ELl1000000000EEEEEEC2ERKS6_
FNDA:0,_ZNKSt3__16chrono15__duration_castINS0_8durationIxNS_5ratioILl1ELl1000000EEEEENS2_IeNS3_ILl1ELl1000000000EEEEENS3_ILl1000ELl1EEELb0ELb1EEclERKS5_
FNDA:0,_ZNSt3__16chronoL13duration_castINS0_8durationIeNS_5ratioILl1ELl1000EEEEEeNS3_ILl1ELl1EEEEENS_9enable_ifIXsr13__is_durationIT_EE5valueES8_E4typeERKNS2_IT0_T1_EE
FNDA:0,_ZNSt3__16chrono8durationIeNS_5ratioILl1ELl1000EEEEC1IxS3_EERKNS1_IT_T0_EEPNS_9enable_ifIXaasr13__no_overflowIS7_S3_EE5valueooL_ZNS_17integral_constantIbLb1EE5valueEEaaeqsr13__no_overflowIS7_S3_E4typeE3denLi1Entsr23treat_as_floating_pointIS6_EE5valueEvE4typeE
FNDA:0,_ZNSt3__16chronoltIxNS_5ratioILl1ELl1000000EEEeNS2_ILl1ELl1000000000EEEEEbRKNS0_8durationIT_T0_EERKNS5_IT1_T2_EE
FNDA:0,_ZNSt3__16chrono10time_pointINS0_12steady_clockENS0_8durationIxNS_5ratioILl1ELl1000000000EEEEEEC2ERKS6_
FNDA:0,_ZNSt3__16chrono10time_pointINS0_12steady_clockENS0_8durationIxNS_5ratioILl1ELl1000000000EEEEEEC1ERKS6_
FNDA:0,_ZNKSt3__16chrono15__duration_castINS0_8durationIxNS_5ratioILl1ELl1000000EEEEENS2_IxNS3_ILl1ELl1000000000EEEEENS3_ILl1000ELl1EEELb0ELb1EEclERKS5_
FNDA:0,_ZNSt3__16chronomiINS0_12steady_clockENS0_8durationIxNS_5ratioILl1ELl1000000000EEEEES6_EENS_11common_typeIJT0_T1_EE4typeERKNS0_10time_pointIT_S8_EERKNSC_ISD_S9_EE
FNDA:0,_ZNSt3__16chrono8durationIeNS_5ratioILl1ELl1000EEEEC1IeEERKT_PNS_9enable_ifIXaasr14is_convertibleIS6_eEE5valueooL_ZNS_17integral_constantIbLb1EE5valueEEntsr23treat_as_floating_pointIS6_EE5valueEvE4typeE
FNDA:0,_ZNKSt3__16chrono10time_pointINS0_12steady_clockENS0_8durationIxNS_5ratioILl1ELl1000000000EEEEEE16time_since_epochEv
FNDA:0,_ZNSt3__16chrono8durationIxNS_5ratioILl1ELl1000000000EEEEC1IxNS2_ILl1ELl1000000EEEEERKNS1_IT_T0_EEPNS_9enable_ifIXaasr13__no_overflowIS8_S3_EE5valueooL_ZNS_17integral_constantIbLb0EE5valueEEaaeqsr13__no_overflowIS8_S3_E4typeE3denLi1Entsr23treat_as_floating_pointIS7_EE5valueEvE4typeE
FNDA:0,_ZNSt3__16chrono8durationIeNS_5ratioILl1ELl1000000000EEEEC1IxNS2_ILl1ELl1000000EEEEERKNS1_IT_T0_EEPNS_9enable_ifIXaasr13__no_overflowIS8_S3_EE5valueooL_ZNS_17integral_constantIbLb1EE5valueEEaaeqsr13__no_overflowIS8_S3_E4typeE3denLi1Entsr23treat_as_floating_pointIS7_EE5valueEvE4typeE
FNDA:0,_ZNSt3__16chronoL13duration_castINS0_8durationIxNS_5ratioILl1ELl1000000000EEEEExNS3_ILl1ELl1000EEEEENS_9enable_ifIXsr13__is_durationIT_EE5valueES8_E4typeERKNS2_IT0_T1_EE
FNDA:0,_ZNKSt3__16chrono10time_pointINS0_12system_clockENS0_8durationIxNS_5ratioILl1ELl1000000EEEEEE16time_since_epochEv
FNDA:0,_ZNSt3__16chrono10time_pointINS0_12system_clockENS0_8durationIeNS_5ratioILl1ELl1000000000EEEEEEC2INS3_IxS5_EEEERKNS1_IS2_T_EEPNS_9enable_ifIXsr14is_convertibleISA_S6_EE5valueEvE4typeE
FNDA:0,_ZNSt3__16chrono10time_pointINS0_12system_clockENS0_8durationIxNS_5ratioILl1ELl1000000000EEEEEE3maxEv
FNDA:0,_ZNKSt3__16chrono15__duration_castINS0_8durationIeNS_5ratioILl1ELl1EEEEENS2_IeNS3_ILl1ELl1000EEEEENS3_ILl1000ELl1EEELb0ELb1EEclERKS5_
FNDA:0,_ZNSt3__16chrono15duration_valuesIxE3maxEv
FNDA:0,_ZNKSt3__16chrono8durationIeNS_5ratioILl1ELl1000EEEE5countEv
FNDA:0,_ZNSt3__16chronoltIxNS_5ratioILl1ELl1000EEExS3_EEbRKNS0_8durationIT_T0_EERKNS4_IT1_T2_EE
FNDA:0,_ZNSt3__16chronogtIxNS_5ratioILl1ELl1000EEExS3_EEbRKNS0_8durationIT_T0_EERKNS4_IT1_T2_EE
FNDA:0,_ZNSt3__16chronoL13duration_castINS0_8durationIxNS_5ratioILl1ELl1000000000EEEEExNS3_ILl1ELl1000000EEEEENS_9enable_ifIXsr13__is_durationIT_EE5valueES8_E4typeERKNS2_IT0_T1_EE
FNDA:0,_ZNSt3__16chrono8durationIxNS_5ratioILl1ELl1000000000EEEEC2IxNS2_ILl1ELl1000EEEEERKNS1_IT_T0_EEPNS_9enable_ifIXaasr13__no_overflowIS8_S3_EE5valueooL_ZNS_17integral_constantIbLb0EE5valueEEaaeqsr13__no_overflowIS8_S3_E4typeE3denLi1Entsr23treat_as_floating_pointIS7_EE5valueEvE4typeE
FNDA:0,_ZNSt3__16chronoplINS0_12system_clockENS0_8durationIxNS_5ratioILl1ELl1000000EEEEExNS4_ILl1ELl1000000000EEEEENS0_10time_pointIT_NS_11common_typeIJT0_NS3_IT1_T2_EEEE4typeEEERKNS8_IS9_SB_EERKSE_
FNDA:0,_ZNSt3__16chrono8durationIxNS_5ratioILl1ELl1000000000EEEE4zeroEv
FNDA:0,_ZNSt3__16chrono10time_pointINS0_12system_clockENS0_8durationIeNS_5ratioILl1ELl1000000000EEEEEEC1INS3_IxS5_EEEERKNS1_IS2_T_EEPNS_9enable_ifIXsr14is_convertibleISA_S6_EE5valueEvE4typeE
FNDA:0,_ZNSt3__16chronoplIxNS_5ratioILl1ELl1000000EEExNS2_ILl1ELl1000000000EEEEENS_11common_typeIJNS0_8durationIT_T0_EENS6_IT1_T2_EEEE4typeERKS9_RKSC_
FNDA:0,_ZNSt3__16chrono8durationIeNS_5ratioILl1ELl1000EEEEC2IeEERKT_PNS_9enable_ifIXaasr14is_convertibleIS6_eEE5valueooL_ZNS_17integral_constantIbLb1EE5valueEEntsr23treat_as_floating_pointIS6_EE5valueEvE4typeE
FNDA:0,_ZNSt3__16chronoL13duration_castINS0_8durationIeNS_5ratioILl1ELl1000000000EEEEExS4_EENS_9enable_ifIXsr13__is_durationIT_EE5valueES7_E4typeERKNS2_IT0_T1_EE
FNDA:0,_ZNSt3__16chrono8durationIeNS_5ratioILl1ELl1000000000EEEEC1IeEERKT_PNS_9enable_ifIXaasr14is_convertibleIS6_eEE5valueooL_ZNS_17integral_constantIbLb1EE5valueEEntsr23treat_as_floating_pointIS6_EE5valueEvE4typeE
FNDA:0,_ZNSt3__16chrono8durationIeNS_5ratioILl1ELl1000000000EEEEC2IeEERKT_PNS_9enable_ifIXaasr14is_convertibleIS6_eEE5valueooL_ZNS_17integral_constantIbLb1EE5valueEEntsr23treat_as_floating_pointIS6_EE5valueEvE4typeE
FNDA:0,_ZNSt3__16chronoplIxNS_5ratioILl1ELl1000000000EEExNS2_ILl1ELl1000EEEEENS_11common_typeIJNS0_8durationIT_T0_EENS6_IT1_T2_EEEE4typeERKS9_RKSC_
FNF:84
FNH:0
DA:863,0
DA:865,0
DA:885,0
DA:888,0
DA:889,0
DA:914,0
DA:916,0
DA:932,0
DA:933,0
DA:1044,0
DA:1051,0
DA:1056,0
DA:1064,0
DA:1068,0
DA:1074,0
DA:1089,0
DA:1091,0
DA:1153,0
DA:1156,0
DA:1164,0
DA:1165,0
DA:1172,0
DA:1174,0
DA:1183,0
DA:1185,0
DA:1194,0
DA:1196,0
DA:1216,0
DA:1219,0
DA:1228,0
DA:1231,0
DA:1354,0
DA:1359,0
DA:1364,0
DA:1368,0
DA:1378,0
DA:1475,0
DA:1477,0
DA:1485,0
DA:1487,0
DA:1515,0
DA:1518,0
DA:1536,0
DA:1539,0
DA:1547,0
DA:1549,0
LF:46
LH:0
end_of_record
TN:
SF:/Library/Developer/CommandLineTools/usr/include/c++/v1/cmath
FN:553,_ZNSt3__1L25__libcpp_isnan_or_builtinIdEENS_9enable_ifIXsr3std17is_floating_pointIT_EE5valueEbE4typeES2_
FN:573,_ZNSt3__1L25__libcpp_isinf_or_builtinIdEENS_9enable_ifIXsr3std17is_floating_pointIT_EE5valueEbE4typeES2_
FNDA:0,_ZNSt3__1L25__libcpp_isnan_or_builtinIdEENS_9enable_ifIXsr3std17is_floating_pointIT_EE5valueEbE4typeES2_
FNDA:0,_ZNSt3__1L25__libcpp_isinf_or_builtinIdEENS_9enable_ifIXsr3std17is_floating_pointIT_EE5valueEbE4typeES2_
FNF:2
FNH:0
DA:553,0
DA:556,0
DA:573,0
DA:576,0
LF:4
LH:0
end_of_record
TN:
SF:/Library/Developer/CommandLineTools/usr/include/c++/v1/complex
FN:389,_ZNSt3__17complexIdEC1Edd
FN:389,_ZNSt3__17complexIdEC2Edd
FN:396,_ZNKSt3__17complexIdE4realEv
FN:397,_ZNKSt3__17complexIdE4imagEv
FN:399,_ZNSt3__17complexIdE4realEd
FN:400,_ZNSt3__17complexIdE4imagEd
FN:415,_ZNSt3__17complexIdEpLIdEERS1_RKNS0_IT_EE
FN:421,_ZNSt3__17complexIdEmIIdEERS1_RKNS0_IT_EE
FN:532,_ZNSt3__1plIdEENS_7complexIT_EERKS3_S5_
FN:562,_ZNSt3__1miIdEENS_7complexIT_EERKS3_S5_
FN:591,_ZNSt3__1mlIdEENS_7complexIT_EERKS3_S5_
FN:995,_ZNSt3__15polarIdEENS_7complexIT_EERKS2_S5_
FNDA:0,_ZNSt3__17complexIdEpLIdEERS1_RKNS0_IT_EE
FNDA:0,_ZNSt3__17complexIdEmIIdEERS1_RKNS0_IT_EE
FNDA:11690016,_ZNKSt3__17complexIdE4realEv
FNDA:0,_ZNSt3__17complexIdEC2Edd
FNDA:10993984,_ZNSt3__17complexIdE4realEd
FNDA:0,_ZNSt3__1mlIdEENS_7complexIT_EERKS3_S5_
FNDA:0,_ZNSt3__1miIdEENS_7complexIT_EERKS3_S5_
FNDA:0,_ZNSt3__15polarIdEENS_7complexIT_EERKS2_S5_
FNDA:10993984,_ZNSt3__17complexIdE4imagEd
FNDA:0,_ZNSt3__1plIdEENS_7complexIT_EERKS3_S5_
FNDA:11614816,_ZNKSt3__17complexIdE4imagEv
FNDA:0,_ZNSt3__17complexIdEC1Edd
FNF:12
FNH:4
DA:389,0
DA:390,0
DA:396,11690016
DA:397,11614816
DA:399,10993984
DA:400,10993984
DA:415,0
DA:417,0
DA:418,0
DA:419,0
DA:421,0
DA:423,0
DA:424,0
DA:425,0
DA:532,0
DA:534,0
DA:535,0
DA:536,0
DA:562,0
DA:564,0
DA:565,0
DA:566,0
DA:591,0
DA:593,0
DA:594,0
DA:595,0
DA:596,0
DA:597,0
DA:598,0
DA:599,0
DA:600,0
DA:601,0
DA:602,0
DA:603,0
DA:605,0
DA:606,0
DA:608,0
DA:609,0
DA:610,0
DA:611,0
DA:612,0
DA:613,0
DA:614,0
DA:615,0
DA:616,0
DA:618,0
DA:619,0
DA:620,0
DA:621,0
DA:622,0
DA:623,0
DA:624,0
DA:625,0
DA:626,0
DA:627,0
DA:629,0
DA:630,0
DA:631,0
DA:632,0
DA:633,0
DA:634,0
DA:635,0
DA:636,0
DA:637,0
DA:638,0
DA:639,0
DA:641,0
DA:642,0
DA:643,0
DA:644,0
DA:645,0
DA:995,0
DA:997,0
DA:998,0
DA:999,0
DA:1001,0
DA:1002,0
DA:1003,0
DA:1005,0
DA:1007,0
DA:1008,0
DA:1009,0
DA:1011,0
DA:1012,0
DA:1013,0
DA:1014,0
DA:1015,0
DA:1016,0
DA:1017,0
DA:1018,0
LF:90
LH:4
end_of_record
TN:
SF:/Library/Developer/CommandLineTools/usr/include/c++/v1/deque
FN:319,_ZNKSt3__116__deque_iteratorIP9BBP_BlockPS2_RS2_PS3_lLl512EEdeEv
FN:322,_ZNSt3__116__deque_iteratorIP9BBP_BlockPS2_RS2_PS3_lLl512EEppEv
FN:414,_ZNSt3__1eqERKNS_16__deque_iteratorIP9BBP_BlockPS2_RS2_PS3_lLl512EEES8_
FN:418,_ZNSt3__1neERKNS_16__deque_iteratorIP9BBP_BlockPS2_RS2_PS3_lLl512EEES8_
FN:439,_ZNSt3__116__deque_iteratorIP9BBP_BlockPS2_RS2_PS3_lLl512EEC1ES5_S3_
FN:439,_ZNSt3__116__deque_iteratorIP9BBP_BlockPS2_RS2_PS3_lLl512EEC2ES5_S3_
FN:970,_ZNSt3__112__deque_baseIP9BBP_BlockNS_9allocatorIS2_EEE4sizeEv
FN:972,_ZNKSt3__112__deque_baseIP9BBP_BlockNS_9allocatorIS2_EEE4sizeEv
FN:973,_ZNSt3__112__deque_baseIP9BBP_BlockNS_9allocatorIS2_EEE7__allocEv
FN:1071,_ZNSt3__112__deque_baseIP9BBP_BlockNS_9allocatorIS2_EEE5beginEv
FN:1087,_ZNSt3__112__deque_baseIP9BBP_BlockNS_9allocatorIS2_EEE3endEv
FN:1105,_ZNSt3__112__deque_baseIP9BBP_BlockNS_9allocatorIS2_EEEC2Ev
FN:1115,_ZNSt3__112__deque_baseIP9BBP_BlockNS_9allocatorIS2_EEED2Ev
FN:1176,_ZNSt3__112__deque_baseIP9BBP_BlockNS_9allocatorIS2_EEE5clearEv
FN:1199,_ZNSt3__15dequeIP9BBP_BlockNS_9allocatorIS2_EEED2Ev
FN:1199,_ZNSt3__15dequeIP9BBP_BlockNS_9allocatorIS2_EEED1Ev
FN:1228,_ZNSt3__15dequeIP9BBP_BlockNS_9allocatorIS2_EEEC1Ev
FN:1228,_ZNSt3__15dequeIP9BBP_BlockNS_9allocatorIS2_EEEC2Ev
FN:1320,_ZNKSt3__15dequeIP9BBP_BlockNS_9allocatorIS2_EEE4sizeEv
FN:1330,_ZNKSt3__15dequeIP9BBP_BlockNS_9allocatorIS2_EEE5emptyEv
FN:1412,_ZNKSt3__15dequeIP9BBP_BlockNS_9allocatorIS2_EEE10__capacityEv
FN:1417,_ZNKSt3__15dequeIP9BBP_BlockNS_9allocatorIS2_EEE13__front_spareEv
FN:1422,_ZNKSt3__15dequeIP9BBP_BlockNS_9allocatorIS2_EEE12__back_spareEv
FN:1789,_ZNSt3__15dequeIP9BBP_BlockNS_9allocatorIS2_EEE5frontEv
FN:1824,_ZNSt3__15dequeIP9BBP_BlockNS_9allocatorIS2_EEE9push_backERKS2_
FN:2453,_ZNSt3__15dequeIP9BBP_BlockNS_9allocatorIS2_EEE19__add_back_capacityEv
FN:2593,_ZNSt3__15dequeIP9BBP_BlockNS_9allocatorIS2_EEE9pop_frontEv
FNDA:0,_ZNSt3__15dequeIP9BBP_BlockNS_9allocatorIS2_EEE9push_backERKS2_
FNDA:0,_ZNSt3__1eqERKNS_16__deque_iteratorIP9BBP_BlockPS2_RS2_PS3_lLl512EEES8_
FNDA:0,_ZNSt3__15dequeIP9BBP_BlockNS_9allocatorIS2_EEE19__add_back_capacityEv
FNDA:0,_ZNSt3__112__deque_baseIP9BBP_BlockNS_9allocatorIS2_EEED2Ev
FNDA:0,_ZNKSt3__15dequeIP9BBP_BlockNS_9allocatorIS2_EEE4sizeEv
FNDA:0,_ZNSt3__15dequeIP9BBP_BlockNS_9allocatorIS2_EEED2Ev
FNDA:0,_ZNSt3__112__deque_baseIP9BBP_BlockNS_9allocatorIS2_EEE3endEv
FNDA:0,_ZNKSt3__15dequeIP9BBP_BlockNS_9allocatorIS2_EEE12__back_spareEv
FNDA:0,_ZNKSt3__15dequeIP9BBP_BlockNS_9allocatorIS2_EEE13__front_spareEv
FNDA:0,_ZNKSt3__112__deque_baseIP9BBP_BlockNS_9allocatorIS2_EEE4sizeEv
FNDA:0,_ZNSt3__1neERKNS_16__deque_iteratorIP9BBP_BlockPS2_RS2_PS3_lLl512EEES8_
FNDA:0,_ZNSt3__116__deque_iteratorIP9BBP_BlockPS2_RS2_PS3_lLl512EEC1ES5_S3_
FNDA:0,_ZNSt3__112__deque_baseIP9BBP_BlockNS_9allocatorIS2_EEE5clearEv
FNDA:0,_ZNKSt3__15dequeIP9BBP_BlockNS_9allocatorIS2_EEE5emptyEv
FNDA:0,_ZNSt3__15dequeIP9BBP_BlockNS_9allocatorIS2_EEED1Ev
FNDA:0,_ZNSt3__116__deque_iteratorIP9BBP_BlockPS2_RS2_PS3_lLl512EEC2ES5_S3_
FNDA:0,_ZNSt3__112__deque_baseIP9BBP_BlockNS_9allocatorIS2_EEE4sizeEv
FNDA:0,_ZNKSt3__15dequeIP9BBP_BlockNS_9allocatorIS2_EEE10__capacityEv
FNDA:0,_ZNSt3__15dequeIP9BBP_BlockNS_9allocatorIS2_EEE9pop_frontEv
FNDA:0,_ZNSt3__15dequeIP9BBP_BlockNS_9allocatorIS2_EEEC2Ev
FNDA:0,_ZNSt3__116__deque_iteratorIP9BBP_BlockPS2_RS2_PS3_lLl512EEppEv
FNDA:0,_ZNSt3__15dequeIP9BBP_BlockNS_9allocatorIS2_EEEC1Ev
FNDA:0,_ZNSt3__112__deque_baseIP9BBP_BlockNS_9allocatorIS2_EEE7__allocEv
FNDA:0,_ZNSt3__15dequeIP9BBP_BlockNS_9allocatorIS2_EEE5frontEv
FNDA:0,_ZNKSt3__116__deque_iteratorIP9BBP_BlockPS2_RS2_PS3_lLl512EEdeEv
FNDA:0,_ZNSt3__112__deque_baseIP9BBP_BlockNS_9allocatorIS2_EEEC2Ev
FNDA:0,_ZNSt3__112__deque_baseIP9BBP_BlockNS_9allocatorIS2_EEE5beginEv
FNF:27
FNH:0
DA:319,0
DA:322,0
DA:324,0
DA:326,0
DA:327,0
DA:328,0
DA:329,0
DA:414,0
DA:415,0
DA:418,0
DA:419,0
DA:439,0
DA:440,0
DA:970,0
DA:972,0
DA:973,0
DA:978,0
DA:1071,0
DA:1073,0
DA:1074,0
DA:1087,0
DA:1089,0
DA:1090,0
DA:1091,0
DA:1105,0
DA:1107,0
DA:1115,0
DA:1117,0
DA:1118,0
DA:1119,0
DA:1120,0
DA:1121,0
DA:1122,0
DA:1176,0
DA:1178,0
DA:1179,0
DA:1180,0
DA:1181,0
DA:1182,0
DA:1184,0
DA:1185,0
DA:1187,0
DA:1190,0
DA:1191,0
DA:1193,0
DA:1194,0
DA:1196,0
DA:1199,0
DA:1228,0
DA:1230,0
DA:1320,0
DA:1330,0
DA:1412,0
DA:1414,0
DA:1417,0
DA:1419,0
DA:1422,0
DA:1424,0
DA:1789,0
DA:1791,0
DA:1792,0
DA:1824,0
DA:1826,0
DA:1827,0
DA:1828,0
DA:1830,0
DA:1831,0
DA:1832,0
DA:2453,0
DA:2455,0
DA:2456,0
DA:2458,0
DA:2459,0
DA:2460,0
DA:2461,0
DA:2462,0
DA:2464,0
DA:2468,0
DA:2469,0
DA:2472,0
DA:2474,0
DA:2475,0
DA:2476,0
DA:2478,0
DA:2483,0
DA:2484,0
DA:2485,0
DA:2488,0
DA:2489,0
DA:2490,0
DA:2491,0
DA:2492,0
DA:2494,0
DA:2495,0
DA:2496,0
DA:2497,0
DA:2498,0
DA:2499,0
DA:2500,0
DA:2501,0
DA:2502,0
DA:2593,0
DA:2595,0
DA:2596,0
DA:2597,0
DA:2598,0
DA:2599,0
DA:2600,0
DA:2602,0
DA:2603,0
DA:2604,0
DA:2605,0
DA:2606,0
LF:113
LH:0
end_of_record
TN:
SF:/Library/Developer/CommandLineTools/usr/include/c++/v1/exception
FN:98,_ZNSt9exceptionC2ERKS_
FN:101,_ZNSt9exceptionC2Ev
FNDA:0,_ZNSt9exceptionC2Ev
FNDA:0,_ZNSt9exceptionC2ERKS_
FNF:2
FNH:0
DA:98,0
DA:101,0
LF:2
LH:0
end_of_record
TN:
SF:/Library/Developer/CommandLineTools/usr/include/c++/v1/fstream
FN:289,_ZNSt3__113basic_filebufIcNS_11char_traitsIcEEEC2Ev
FN:289,_ZNSt3__113basic_filebufIcNS_11char_traitsIcEEEC1Ev
FN:393,_ZNSt3__113basic_filebufIcNS_11char_traitsIcEEED2Ev
FN:393,_ZNSt3__113basic_filebufIcNS_11char_traitsIcEEED1Ev
FN:393,_ZNSt3__113basic_filebufIcNS_11char_traitsIcEEED0Ev
FN:507,_ZNSt3__113basic_filebufIcNS_11char_traitsIcEEE15__make_mdstringEj
FN:549,_ZNSt3__113basic_filebufIcNS_11char_traitsIcEEE4openEPKcj
FN:684,_ZNSt3__113basic_filebufIcNS_11char_traitsIcEEE4openERKNS_12basic_stringIcS2_NS_9allocatorIcEEEEj
FN:692,_ZNSt3__113basic_filebufIcNS_11char_traitsIcEEE5closeEv
FN:712,_ZNSt3__113basic_filebufIcNS_11char_traitsIcEEE9underflowEv
FN:782,_ZNSt3__113basic_filebufIcNS_11char_traitsIcEEE9pbackfailEi
FN:804,_ZNSt3__113basic_filebufIcNS_11char_traitsIcEEE8overflowEi
FN:869,_ZNSt3__113basic_filebufIcNS_11char_traitsIcEEE6setbufEPcl
FN:922,_ZNSt3__113basic_filebufIcNS_11char_traitsIcEEE7seekoffExNS_8ios_base7seekdirEj
FN:962,_ZNSt3__113basic_filebufIcNS_11char_traitsIcEEE7seekposENS_4fposI11__mbstate_tEEj
FN:979,_ZNSt3__113basic_filebufIcNS_11char_traitsIcEEE4syncEv
FN:1048,_ZNSt3__113basic_filebufIcNS_11char_traitsIcEEE5imbueERKNS_6localeE
FN:1092,_ZNSt3__113basic_filebufIcNS_11char_traitsIcEEE11__read_modeEv
FN:1111,_ZNSt3__113basic_filebufIcNS_11char_traitsIcEEE12__write_modeEv
FN:1441,_ZNSt3__114basic_ofstreamIcNS_11char_traitsIcEEEC1ERKNS_12basic_stringIcS2_NS_9allocatorIcEEEEj
FNDA:0,_ZNSt3__113basic_filebufIcNS_11char_traitsIcEEEC2Ev
FNDA:0,_ZNSt3__113basic_filebufIcNS_11char_traitsIcEEE11__read_modeEv
FNDA:0,_ZNSt3__113basic_filebufIcNS_11char_traitsIcEEE5imbueERKNS_6localeE
FNDA:0,_ZNSt3__113basic_filebufIcNS_11char_traitsIcEEE7seekoffExNS_8ios_base7seekdirEj
FNDA:0,_ZNSt3__113basic_filebufIcNS_11char_traitsIcEEE5closeEv
FNDA:0,_ZNSt3__113basic_filebufIcNS_11char_traitsIcEEE9underflowEv
FNDA:0,_ZNSt3__114basic_ofstreamIcNS_11char_traitsIcEEEC1ERKNS_12basic_stringIcS2_NS_9allocatorIcEEEEj
FNDA:0,_ZNSt3__113basic_filebufIcNS_11char_traitsIcEEE4openEPKcj
FNDA:0,_ZNSt3__113basic_filebufIcNS_11char_traitsIcEEE4openERKNS_12basic_stringIcS2_NS_9allocatorIcEEEEj
FNDA:0,_ZNSt3__113basic_filebufIcNS_11char_traitsIcEEE8overflowEi
FNDA:0,_ZNSt3__113basic_filebufIcNS_11char_traitsIcEEE15__make_mdstringEj
FNDA:0,_ZNSt3__113basic_filebufIcNS_11char_traitsIcEEED1Ev
FNDA:0,_ZNSt3__113basic_filebufIcNS_11char_traitsIcEEE4syncEv
FNDA:0,_ZNSt3__113basic_filebufIcNS_11char_traitsIcEEE9pbackfailEi
FNDA:0,_ZNSt3__113basic_filebufIcNS_11char_traitsIcEEE7seekposENS_4fposI11__mbstate_tEEj
[...]
FNDA:40,_ZN7testing8internal15TestFactoryImplI29RingBuffer_append_remove_TestED1Ev
FNDA:40,_ZN7testing8internal15TestFactoryImplI33BPSK_rx_phase_correction_dds_TestEC1Ev
FNDA:40,_ZN7testing8internal15TestFactoryImplI29QPSK_InterpolationFilter_TestED0Ev
FNDA:40,_ZN7testing8internal15TestFactoryImplI20BPSK_LoopFilter_TestEC2Ev
FNDA:40,_ZN7testing8internal15TestFactoryImplI36RingBuffer_append_remove_errors_TestED1Ev
FNDA:40,_ZN7testing8internal15TestFactoryImplI32QPSK_Deconstructed_ModDemod_TestED2Ev
FNDA:40,_ZN7testing8internal15TestFactoryImplI20BPSK_NcoControl_TestED1Ev
FNDA:40,_ZN7testing8internal15TestFactoryImplI25QPSK_PhaseLoopFilter_TestED2Ev
FNDA:40,_ZN7testing8internal15TestFactoryImplI33BPSK_complexMultiplyRealData_TestE10CreateTestEv
FNDA:40,_ZN7testing8internal15TestFactoryImplI43QPSK_PhaseShiftCorrection_OutputLookup_TestE10CreateTestEv
FNDA:40,_ZN7testing8internal15TestFactoryImplI37PacketFramer_FrameDeframeWithCRC_TestEC2Ev
FNDA:40,_ZN7testing8internal15TestFactoryImplI25QPSK_GardnerDetector_TestE10CreateTestEv
FNDA:40,_ZN7testing8internal15TestFactoryImplI27BPSK_encode_pulseShape_TestED0Ev
FNDA:40,_ZN7testing8internal15TestFactoryImplI31QPSK_StrobeEnabledRegister_TestE10CreateTestEv
FNDA:40,_ZN7testing8internal15TestFactoryImplI16AM_ModDemod_TestED1Ev
FNDA:40,_ZN7testing8internal15TestFactoryImplI27RingBuffer_Constructor_TestED1Ev
FNDA:40,_ZN7testing8internal15TestFactoryImplI27BPSK_decode_pulseShape_TestEC1Ev
FNDA:40,_ZN7testing8internal15TestFactoryImplI18AM_demodulate_TestED1Ev
FNDA:40,_ZN7testing8internal15TestFactoryImplI20QPSK_NcoControl_TestED0Ev
FNDA:40,_ZN7testing8internal15TestFactoryImplI16AM_modulate_TestED2Ev
FNDA:40,_ZN7testing8internal15TestFactoryImplI25QPSK_complexMultiply_TestED2Ev
FNDA:40,_ZN7testing8internal15TestFactoryImplI34RingBuffer_append_remove_list_TestEC1Ev
FNDA:40,_ZN7testing8internal15TestFactoryImplI31BPSK_StrobeEnabledRegister_TestE10CreateTestEv
FNDA:40,_ZN7testing8internal15TestFactoryImplI28BPSK_ModulatedMatlabWay_TestEC1Ev
FNDA:40,_ZN7testing8internal15TestFactoryImplI31QPSK_StrobeEnabledRegister_TestED1Ev
FNDA:40,_ZN7testing8internal15TestFactoryImplI20QPSK_encode_LUT_TestE10CreateTestEv
FNDA:40,_ZN7testing8internal15TestFactoryImplI35PacketFramer_FrameDeframeNoCRC_TestEC1Ev
FNDA:40,_ZN7testing8internal15TestFactoryImplI20QPSK_LoopFilter_TestEC2Ev
FNDA:40,_ZN7testing8internal15TestFactoryImplI25BPSK_GardnerDetector_TestEC2Ev
FNDA:40,_ZN7testing8internal15TestFactoryImplI40PacketFramer_FrameDeframeWithBadCRC_TestEC1Ev
FNDA:40,_ZN7testing8internal15TestFactoryImplI25QPSK_PhaseLoopFilter_TestED0Ev
FNDA:40,_ZN7testing8internal15TestFactoryImplI23QPSK_Full_ModDemod_TestE10CreateTestEv
FNDA:40,_ZN7testing8internal15TestFactoryImplI25BPSK_complexMultiply_TestED1Ev
FNDA:40,_ZN7testing8internal15TestFactoryImplI48PacketFramer_FrameDeframeWithCRC_NotChecked_TestED1Ev
FNDA:2040,_ZN7testing8internal15TestFactoryBaseD2Ev
FNDA:40,_ZN7testing8internal15TestFactoryImplI25QPSK_GardnerDetector_TestED2Ev
FNDA:40,_ZN7testing8internal15TestFactoryImplI29QPSK_rx_phase_correction_TestEC2Ev
FNDA:40,_ZN7testing8internal15TestFactoryImplI20BPSK_encode_LUT_TestEC2Ev
FNDA:40,_ZN7testing8internal15TestFactoryImplI20BPSK_LoopFilter_TestED1Ev
FNDA:40,_ZN7testing8internal15TestFactoryImplI27RingBuffer_Constructor_TestED0Ev
FNDA:40,_ZN7testing8internal15TestFactoryImplI27QPSK_encode_pulseShape_TestE10CreateTestEv
FNDA:40,_ZN7testing8internal15TestFactoryImplI25QPSK_GardnerDetector_TestED0Ev
FNDA:40,_ZN7testing8internal15TestFactoryImplI20BPSK_encode_LUT_TestE10CreateTestEv
FNDA:40,_ZN7testing8internal15TestFactoryImplI40PacketFramer_FrameDeframeWithBadCRC_TestED1Ev
FNDA:40,_ZN7testing8internal15TestFactoryImplI20QPSK_encode_LUT_TestED2Ev
FNDA:40,_ZN7testing8internal15TestFactoryImplI31BPSK_StrobeEnabledRegister_TestED1Ev
FNDA:40,_ZN7testing8internal15TestFactoryImplI20BPSK_encode_LUT_TestEC1Ev
FNDA:40,_ZN7testing8internal15TestFactoryImplI27Resample_upsample_with_TestED1Ev
FNDA:40,_ZN7testing8internal15TestFactoryImplI36QPSK_phase_ambiguity_correction_TestE10CreateTestEv
FNDA:40,_ZN7testing8internal15TestFactoryImplI38BPSK_PhaseShiftCorrectionMultiply_TestEC2Ev
FNDA:40,_ZN7testing8internal15TestFactoryImplI18AM_demodulate_TestE10CreateTestEv
FNDA:40,_ZN7testing8internal15TestFactoryImplI18AM_demodulate_TestED0Ev
FNDA:40,_ZN7testing8internal15TestFactoryImplI29QPSK_rx_phase_correction_TestED2Ev
FNDA:2040,_ZN7testing8internal16SuiteApiResolverINS_4TestEE19GetSetUpCaseOrSuiteEPKci
FNDA:40,_ZN7testing8internal15TestFactoryImplI18AM_demodulate_TestEC2Ev
FNDA:40,_ZN7testing8internal15TestFactoryImplI39QPSK_symbol_timing_synchronization_TestEC1Ev
FNDA:40,_ZN7testing8internal15TestFactoryImplI43BPSK_PhaseShiftCorrection_OutputLookup_TestE10CreateTestEv
FNDA:40,_ZN7testing8internal15TestFactoryImplI20BPSK_LoopFilter_TestED0Ev
FNDA:40,_ZN7testing8internal15TestFactoryImplI36RingBuffer_append_remove_errors_TestE10CreateTestEv
FNDA:40,_ZN7testing8internal15TestFactoryImplI27RingBuffer_Constructor_TestEC2Ev
FNDA:40,_ZN7testing8internal15TestFactoryImplI27BPSK_encode_pulseShape_TestEC1Ev
FNDA:40,_ZN7testing8internal15TestFactoryImplI27QPSK_encode_pulseShape_TestED1Ev
FNDA:40,_ZN7testing8internal15TestFactoryImplI39QPSK_symbol_timing_synchronization_TestED1Ev
FNDA:40,_ZN7testing8internal15TestFactoryImplI25BPSK_GardnerDetector_TestED0Ev
FNDA:40,_ZN7testing8internal15TestFactoryImplI27QPSK_encode_pulseShape_TestEC1Ev
FNDA:40,_ZN7testing8internal15TestFactoryImplI29QPSK_rx_phase_correction_TestE10CreateTestEv
FNDA:40,_ZN7testing8internal15TestFactoryImplI37PacketFramer_FrameDeframeWithCRC_TestED0Ev
FNDA:40,_ZN7testing8internal15TestFactoryImplI35PacketFramer_FrameDeframeNoCRC_TestED0Ev
FNDA:40,_ZN7testing8internal15TestFactoryImplI16AM_ModDemod_TestEC1Ev
FNDA:40,_ZN7testing8internal15TestFactoryImplI48PacketFramer_FrameDeframeWithCRC_NotChecked_TestED2Ev
FNDA:40,_ZN7testing8internal15TestFactoryImplI23QPSK_Full_ModDemod_TestED0Ev
FNDA:40,_ZN7testing8internal15TestFactoryImplI20BPSK_encode_LUT_TestED1Ev
FNDA:40,_ZN7testing8internal15TestFactoryImplI36BPSK_phase_ambiguity_correction_TestEC1Ev
FNDA:40,_ZN7testing8internal15TestFactoryImplI29BPSK_rx_phase_correction_TestE10CreateTestEv
FNDA:40,_ZN7testing8internal15TestFactoryImplI25BPSK_PhaseLoopFilter_TestED2Ev
FNDA:40,_ZN7testing8internal15TestFactoryImplI16AM_modulate_TestED0Ev
FNDA:40,_ZN7testing8internal15TestFactoryImplI29RingBuffer_append_remove_TestED2Ev
FNDA:2040,_ZN7testing8internal12CodeLocationC2ERKNSt3__112basic_stringIcNS2_11char_traitsIcEENS2_9allocatorIcEEEEi
FNDA:40,_ZN7testing8internal15TestFactoryImplI18CRC_crc_check_TestED1Ev
FNDA:40,_ZN7testing8internal15TestFactoryImplI25QPSK_complexMultiply_TestEC1Ev
FNDA:40,_ZN7testing8internal15TestFactoryImplI48PacketFramer_FrameDeframeWithCRC_NotChecked_TestED0Ev
FNDA:40,_ZN7testing8internal15TestFactoryImplI36BPSK_phase_ambiguity_correction_TestED2Ev
FNDA:40,_ZN7testing8internal15TestFactoryImplI27Resample_upsample_with_TestED0Ev
FNDA:40,_ZN7testing8internal15TestFactoryImplI25QPSK_complexMultiply_TestEC2Ev
FNDA:40,_ZN7testing8internal15TestFactoryImplI27BPSK_encode_pulseShape_TestE10CreateTestEv
FNDA:40,_ZN7testing8internal15TestFactoryImplI20QPSK_LoopFilter_TestED2Ev
FNDA:40,_ZN7testing8internal15TestFactoryImplI31QPSK_StrobeEnabledRegister_TestED2Ev
FNDA:40,_ZN7testing8internal15TestFactoryImplI38BPSK_PhaseShiftCorrectionMultiply_TestED2Ev
FNDA:40,_ZN7testing8internal15TestFactoryImplI27QPSK_decode_pulseShape_TestE10CreateTestEv
FNDA:40,_ZN7testing8internal15TestFactoryImplI31QPSK_StrobeEnabledRegister_TestEC1Ev
FNDA:40,_ZN7testing8internal15TestFactoryImplI29BPSK_InterpolationFilter_TestED0Ev
FNDA:40,_ZN7testing8internal15TestFactoryImplI48PacketFramer_FrameDeframeWithCRC_NotChecked_TestEC2Ev
FNDA:40,_ZN7testing8internal15TestFactoryImplI27QPSK_encode_pulseShape_TestED0Ev
FNDA:40,_ZN7testing8internal15TestFactoryImplI25BPSK_GardnerDetector_TestED2Ev
FNDA:40,_ZN7testing8internal15TestFactoryImplI31QPSK_StrobeEnabledRegister_TestEC2Ev
FNDA:40,_ZN7testing8internal15TestFactoryImplI25BPSK_GardnerDetector_TestEC1Ev
FNDA:40,_ZN7testing8internal15TestFactoryImplI27BPSK_decode_pulseShape_TestEC2Ev
FNDA:40,_ZN7testing8internal15TestFactoryImplI36QPSK_phase_ambiguity_correction_TestED2Ev
FNDA:40,_ZN7testing8internal15TestFactoryImplI33BPSK_complexMultiplyRealData_TestED0Ev
FNDA:40,_ZN7testing8internal15TestFactoryImplI28BPSK_ModulatedMatlabWay_TestEC2Ev
FNDA:40,_ZN7testing8internal15TestFactoryImplI40PacketFramer_FrameDeframeWithBadCRC_TestEC2Ev
FNDA:40,_ZN7testing8internal15TestFactoryImplI36RingBuffer_append_remove_errors_TestEC1Ev
FNDA:40,_ZN7testing8internal15TestFactoryImplI32QPSK_Deconstructed_ModDemod_TestEC1Ev
FNDA:40,_ZN7testing8internal15TestFactoryImplI27QPSK_decode_pulseShape_TestEC2Ev
FNDA:40,_ZN7testing8internal15TestFactoryImplI20BPSK_encode_LUT_TestED2Ev
FNDA:40,_ZN7testing8internal15TestFactoryImplI33BPSK_complexMultiplyRealData_TestEC2Ev
FNDA:40,_ZN7testing8internal15TestFactoryImplI28BPSK_ModulatedMatlabWay_TestED0Ev
FNDA:40,_ZN7testing8internal15TestFactoryImplI29BPSK_InterpolationFilter_TestEC1Ev
FNDA:40,_ZN7testing8internal15TestFactoryImplI20BPSK_NcoControl_TestED2Ev
FNDA:40,_ZN7testing8internal15TestFactoryImplI16AM_ModDemod_TestED0Ev
FNDA:40,_ZN7testing8internal15TestFactoryImplI25QPSK_PhaseLoopFilter_TestEC2Ev
FNDA:40,_ZN7testing8internal15TestFactoryImplI34RingBuffer_append_remove_list_TestED2Ev
FNDA:0,_ZN7testing8internal15TestFactoryBaseD0Ev
FNDA:40,_ZN7testing8internal15TestFactoryImplI48PacketFramer_FrameDeframeWithCRC_NotChecked_TestE10CreateTestEv
FNDA:40,_ZN7testing8internal15TestFactoryImplI36BPSK_phase_ambiguity_correction_TestE10CreateTestEv
FNDA:40,_ZN7testing8internal15TestFactoryImplI33BPSK_rx_phase_correction_dds_TestE10CreateTestEv
FNDA:2040,_ZN7testing8internal12CodeLocationC1ERKNSt3__112basic_stringIcNS2_11char_traitsIcEENS2_9allocatorIcEEEEi
FNDA:40,_ZN7testing8internal15TestFactoryImplI27BPSK_decode_pulseShape_TestED0Ev
FNDA:40,_ZN7testing8internal15TestFactoryImplI27BPSK_decode_pulseShape_TestE10CreateTestEv
FNDA:40,_ZN7testing8internal15TestFactoryImplI23QPSK_Full_ModDemod_TestED1Ev
FNDA:40,_ZN7testing8internal15TestFactoryImplI16AM_ModDemod_TestEC2Ev
FNDA:40,_ZN7testing8internal15TestFactoryImplI18CRC_crc_check_TestE10CreateTestEv
FNDA:40,_ZN7testing8internal15TestFactoryImplI35AM_demodulate_with_phase_shift_TestEC2Ev
FNDA:40,_ZN7testing8internal15TestFactoryImplI20QPSK_LoopFilter_TestE10CreateTestEv
FNDA:40,_ZN7testing8internal15TestFactoryImplI29QPSK_InterpolationFilter_TestEC1Ev
FNDA:40,_ZN7testing8internal15TestFactoryImplI31QPSK_StrobeEnabledRegister_TestED0Ev
FNDA:40,_ZN7testing8internal15TestFactoryImplI25BPSK_GardnerDetector_TestED1Ev
FNDA:40,_ZN7testing8internal15TestFactoryImplI28BPSK_ModulatedMatlabWay_TestE10CreateTestEv
FNDA:40,_ZN7testing8internal15TestFactoryImplI36QPSK_phase_ambiguity_correction_TestED0Ev
FNDA:40,_ZN7testing8internal15TestFactoryImplI36QPSK_phase_ambiguity_correction_TestEC2Ev
FNDA:40,_ZN7testing8internal15TestFactoryImplI40PacketFramer_FrameDeframeWithBadCRC_TestE10CreateTestEv
FNDA:40,_ZN7testing8internal15TestFactoryImplI39QPSK_symbol_timing_synchronization_TestED2Ev
FNDA:40,_ZN7testing8internal15TestFactoryImplI32QPSK_Deconstructed_ModDemod_TestED0Ev
FNDA:2040,_ZN7testing8internal16SuiteApiResolverINS_4TestEE22GetTearDownCaseOrSuiteEPKci
FNDA:40,_ZN7testing8internal15TestFactoryImplI18CRC_crc_check_TestED0Ev
FNDA:40,_ZN7testing8internal15TestFactoryImplI38BPSK_PhaseShiftCorrectionMultiply_TestEC1Ev
FNDA:40,_ZN7testing8internal15TestFactoryImplI27QPSK_encode_pulseShape_TestED2Ev
FNDA:40,_ZN7testing8internal15TestFactoryImplI27Resample_upsample_with_TestEC2Ev
FNDA:40,_ZN7testing8internal15TestFactoryImplI27QPSK_decode_pulseShape_TestED2Ev
FNDA:40,_ZN7testing8internal15TestFactoryImplI37PacketFramer_FrameDeframeWithCRC_TestE10CreateTestEv
FNDA:40,_ZN7testing8internal15TestFactoryImplI18CRC_crc_check_TestED2Ev
FNDA:40,_ZN7testing8internal15TestFactoryImplI25QPSK_complexMultiply_TestED0Ev
FNDA:40,_ZN7testing8internal15TestFactoryImplI33BPSK_rx_phase_correction_dds_TestED0Ev
FNDA:40,_ZN7testing8internal15TestFactoryImplI35AM_demodulate_with_phase_shift_TestED1Ev
FNDA:40,_ZN7testing8internal15TestFactoryImplI32QPSK_Deconstructed_ModDemod_TestED1Ev
FNDA:40,_ZN7testing8internal15TestFactoryImplI27QPSK_encode_pulseShape_TestEC2Ev
FNDA:40,_ZN7testing8internal15TestFactoryImplI23QPSK_Full_ModDemod_TestEC1Ev
FNDA:40,_ZN7testing8internal15TestFactoryImplI27BPSK_decode_pulseShape_TestED2Ev
FNDA:40,_ZN7testing8internal15TestFactoryImplI29BPSK_rx_phase_correction_TestEC1Ev
FNDA:40,_ZN7testing8internal15TestFactoryImplI20BPSK_NcoControl_TestE10CreateTestEv
FNDA:40,_ZN7testing8internal15TestFactoryImplI29RingBuffer_append_remove_TestEC1Ev
FNDA:40,_ZN7testing8internal15TestFactoryImplI25QPSK_GardnerDetector_TestEC1Ev
FNDA:40,_ZN7testing8internal15TestFactoryImplI27RingBuffer_Constructor_TestE10CreateTestEv
FNDA:40,_ZN7testing8internal15TestFactoryImplI29QPSK_InterpolationFilter_TestEC2Ev
FNDA:40,_ZN7testing8internal15TestFactoryImplI27QPSK_decode_pulseShape_TestEC1Ev
FNDA:40,_ZN7testing8internal15TestFactoryImplI37PacketFramer_FrameDeframeWithCRC_TestED2Ev
FNDA:40,_ZN7testing8internal15TestFactoryImplI29RingBuffer_append_remove_TestED0Ev
FNDA:40,_ZN7testing8internal15TestFactoryImplI25QPSK_complexMultiply_TestE10CreateTestEv
FNDA:40,_ZN7testing8internal15TestFactoryImplI33QPSK_rx_phase_correction_dds_TestED0Ev
FNDA:40,_ZN7testing8internal15TestFactoryImplI33QPSK_rx_phase_correction_dds_TestED2Ev
FNDA:40,_ZN7testing8internal15TestFactoryImplI36QPSK_phase_ambiguity_correction_TestED1Ev
FNDA:40,_ZN7testing8internal15TestFactoryImplI31BPSK_StrobeEnabledRegister_TestED2Ev
FNDA:40,_ZN7testing8internal15TestFactoryImplI33BPSK_rx_phase_correction_dds_TestEC2Ev
FNDA:40,_ZN7testing8internal15TestFactoryImplI37PacketFramer_FrameDeframeWithCRC_TestEC1Ev
FNDA:40,_ZN7testing8internal15TestFactoryImplI43BPSK_PhaseShiftCorrection_OutputLookup_TestED2Ev
FNDA:40,_ZN7testing8internal15TestFactoryImplI28BPSK_ModulatedMatlabWay_TestED2Ev
FNDA:40,_ZN7testing8internal15TestFactoryImplI16AM_ModDemod_TestED2Ev
FNDA:40,_ZN7testing8internal15TestFactoryImplI25QPSK_PhaseLoopFilter_TestED1Ev
FNDA:40,_ZN7testing8internal15TestFactoryImplI18CRC_crc_check_TestEC2Ev
FNDA:40,_ZN7testing8internal15TestFactoryImplI29RingBuffer_append_remove_TestEC2Ev
FNDA:40,_ZN7testing8internal15TestFactoryImplI20QPSK_NcoControl_TestED1Ev
FNDA:40,_ZN7testing8internal15TestFactoryImplI36RingBuffer_append_remove_errors_TestED2Ev
FNDA:40,_ZN7testing8internal15TestFactoryImplI25BPSK_complexMultiply_TestEC1Ev
FNDA:40,_ZN7testing8internal15TestFactoryImplI25BPSK_complexMultiply_TestED2Ev
FNDA:40,_ZN7testing8internal15TestFactoryImplI33QPSK_complexMultiplyRealData_TestED1Ev
FNDA:40,_ZN7testing8internal15TestFactoryImplI35AM_demodulate_with_phase_shift_TestED2Ev
FNDA:40,_ZN7testing8internal15TestFactoryImplI16FM_ModDemod_TestE10CreateTestEv
FNDA:40,_ZN7testing8internal15TestFactoryImplI16AM_modulate_TestEC1Ev
FNDA:40,_ZN7testing8internal15TestFactoryImplI43BPSK_PhaseShiftCorrection_OutputLookup_TestEC1Ev
FNDA:40,_ZN7testing8internal15TestFactoryImplI20BPSK_NcoControl_TestEC1Ev
FNDA:40,_ZN7testing8internal15TestFactoryImplI16FM_ModDemod_TestEC1Ev
FNDA:40,_ZN7testing8internal15TestFactoryImplI29QPSK_rx_phase_correction_TestED0Ev
FNDA:40,_ZN7testing8internal15TestFactoryImplI27QPSK_decode_pulseShape_TestED1Ev
FNDA:40,_ZN7testing8internal15TestFactoryImplI43BPSK_PhaseShiftCorrection_OutputLookup_TestED0Ev
FNDA:6120,_ZN7testing8internal12CodeLocationD2Ev
FNDA:40,_ZN7testing8internal15TestFactoryImplI35PacketFramer_FrameDeframeNoCRC_TestED1Ev
FNDA:40,_ZN7testing8internal15TestFactoryImplI25BPSK_GardnerDetector_TestE10CreateTestEv
FNDA:40,_ZN7testing8internal15TestFactoryImplI27Resample_upsample_with_TestE10CreateTestEv
FNDA:40,_ZN7testing8internal15TestFactoryImplI20QPSK_NcoControl_TestEC1Ev
FNDA:40,_ZN7testing8internal15TestFactoryImplI20QPSK_encode_LUT_TestED1Ev
FNDA:40,_ZN7testing8internal15TestFactoryImplI25BPSK_complexMultiply_TestE10CreateTestEv
FNDA:40,_ZN7testing8internal15TestFactoryImplI36BPSK_phase_ambiguity_correction_TestED0Ev
FNDA:40,_ZN7testing8internal15TestFactoryImplI35AM_demodulate_with_phase_shift_TestED0Ev
FNDA:40,_ZN7testing8internal15TestFactoryImplI20BPSK_encode_LUT_TestED0Ev
FNDA:40,_ZN7testing8internal15TestFactoryImplI20QPSK_NcoControl_TestEC2Ev
FNDA:40,_ZN7testing8internal15TestFactoryImplI20QPSK_LoopFilter_TestED0Ev
FNDA:40,_ZN7testing8internal15TestFactoryImplI33QPSK_complexMultiplyRealData_TestED0Ev
FNDA:40,_ZN7testing8internal15TestFactoryImplI25BPSK_complexMultiply_TestEC2Ev
FNDA:40,_ZN7testing8internal15TestFactoryImplI36BPSK_phase_ambiguity_correction_TestED1Ev
FNDA:40,_ZN7testing8internal15TestFactoryImplI27QPSK_decode_pulseShape_TestED0Ev
FNDA:40,_ZN7testing8internal15TestFactoryImplI20QPSK_LoopFilter_TestEC1Ev
FNDA:40,_ZN7testing8internal15TestFactoryImplI20BPSK_NcoControl_TestED0Ev
FNDA:40,_ZN7testing8internal15TestFactoryImplI25QPSK_GardnerDetector_TestED1Ev
FNDA:40,_ZN7testing8internal15TestFactoryImplI33BPSK_rx_phase_correction_dds_TestED1Ev
FNDA:40,_ZN7testing8internal15TestFactoryImplI25QPSK_PhaseLoopFilter_TestEC1Ev
FNDA:40,_ZN7testing8internal15TestFactoryImplI40PacketFramer_FrameDeframeWithBadCRC_TestED0Ev
FNDA:40,_ZN7testing8internal15TestFactoryImplI39BPSK_symbol_timing_synchronization_TestEC1Ev
FNDA:40,_ZN7testing8internal15TestFactoryImplI33QPSK_rx_phase_correction_dds_TestE10CreateTestEv
FNDA:40,_ZN7testing8internal15TestFactoryImplI16FM_ModDemod_TestED2Ev
FNDA:40,_ZN7testing8internal15TestFactoryImplI34RingBuffer_append_remove_list_TestED0Ev
FNDA:40,_ZN7testing8internal15TestFactoryImplI20QPSK_encode_LUT_TestED0Ev
FNDA:40,_ZN7testing8internal15TestFactoryImplI20BPSK_NcoControl_TestEC2Ev
FNDA:40,_ZN7testing8internal15TestFactoryImplI33QPSK_complexMultiplyRealData_TestEC2Ev
FNDA:40,_ZN7testing8internal15TestFactoryImplI39BPSK_symbol_timing_synchronization_TestEC2Ev
FNDA:40,_ZN7testing8internal15TestFactoryImplI27Resample_upsample_with_TestED2Ev
FNDA:40,_ZN7testing8internal15TestFactoryImplI39BPSK_symbol_timing_synchronization_TestED2Ev
FNDA:40,_ZN7testing8internal15TestFactoryImplI29BPSK_rx_phase_correction_TestEC2Ev
FNDA:40,_ZN7testing8internal15TestFactoryImplI29BPSK_InterpolationFilter_TestE10CreateTestEv
FNDA:40,_ZN7testing8internal15TestFactoryImplI39BPSK_symbol_timing_synchronization_TestED0Ev
FNDA:40,_ZN7testing8internal15TestFactoryImplI33BPSK_rx_phase_correction_dds_TestED2Ev
FNDA:6120,_ZN7testing8internal12CodeLocationD1Ev
FNDA:8160,_ZN7testing8internal19GetNotDefaultOrNullEPFvvES2_
FNDA:40,_ZN7testing8internal15TestFactoryImplI29RingBuffer_append_remove_TestE10CreateTestEv
FNDA:40,_ZN7testing8internal15TestFactoryImplI16FM_ModDemod_TestED0Ev
FNDA:40,_ZN7testing8internal15TestFactoryImplI33QPSK_rx_phase_correction_dds_TestEC1Ev
FNDA:40,_ZN7testing8internal15TestFactoryImplI27BPSK_encode_pulseShape_TestED2Ev
FNDA:40,_ZN7testing8internal15TestFactoryImplI43QPSK_PhaseShiftCorrection_OutputLookup_TestEC1Ev
FNDA:40,_ZN7testing8internal15TestFactoryImplI27BPSK_encode_pulseShape_TestEC2Ev
FNDA:40,_ZN7testing8internal15TestFactoryImplI33QPSK_rx_phase_correction_dds_TestEC2Ev
FNDA:40,_ZN7testing8internal15TestFactoryImplI25BPSK_PhaseLoopFilter_TestED0Ev
FNDA:40,_ZN7testing8internal15TestFactoryImplI27RingBuffer_Constructor_TestEC1Ev
FNF:317
FNH:315
DA:442,2040
DA:449,2040
DA:458,10200
DA:460,2040
DA:480,12240
DA:481,4080
DA:482,4080
DA:494,8160
DA:496,8160
DA:509,2040
DA:511,2040
DA:512,2040
DA:513,2040
DA:514,2040
DA:516,2040
DA:517,0
DA:519,0
DA:521,2040
DA:522,0
DA:524,2040
DA:526,2040
DA:527,2040
DA:528,2040
DA:529,2040
DA:531,2040
DA:532,0
DA:534,0
DA:536,2040
DA:537,0
LF:29
LH:23
end_of_record
TN:
SF:/usr/local/include/gtest/internal/gtest-port.h
FN:970,_ZN7testing8internal8GTestLog9GetStreamEv
FNDA:0,_ZN7testing8internal8GTestLog9GetStreamEv
FNF:1
FNH:0
DA:970,0
LF:1
LH:0
end_of_record
